
 Performance counter stats for './mandelbrot_pth -0.8 -0.7 0.05 0.15 16' (10 runs):

              0,90 msec task-clock                       #    0,897 CPUs utilized               ( +-  4,30% )
                 2      context-switches                 #    2,220 K/sec                     
                 0      cpu-migrations                   #    0,000 /sec                      
                83      page-faults                      #   92,120 K/sec                       ( +-  0,76% )
         2.368.544      cycles                           #    2,629 GHz                         ( +-  6,02% )
         2.934.089      instructions                     #    1,24  insn per cycle              ( +-  0,25% )
           413.356      branches                         #  458,777 M/sec                       ( +-  0,28% )
             9.326      branch-misses                    #    2,26% of all branches             ( +- 13,41% )  (7,64%)

         0,0010046 +- 0,0000524 seconds time elapsed  ( +-  5,21% )


 Performance counter stats for './mandelbrot_pth -0.8 -0.7 0.05 0.15 32' (10 runs):

              1,71 msec task-clock                       #    1,252 CPUs utilized               ( +-  3,33% )
                 1      context-switches                 #  585,776 /sec                        ( +- 26,87% )
                 0      cpu-migrations                   #    0,000 /sec                      
                82      page-faults                      #   48,034 K/sec                       ( +-  0,35% )
         3.252.260      cycles                           #    1,905 GHz                         ( +- 15,07% )  (27,88%)
         6.296.319      instructions                     #    1,94  insn per cycle              ( +-  0,25% )  (96,87%)
           662.086      branches                         #  387,834 M/sec                       ( +-  0,31% )
             8.752      branch-misses                    #    1,32% of all branches             ( +- 18,72% )  (85,42%)

         0,0013638 +- 0,0000578 seconds time elapsed  ( +-  4,24% )


 Performance counter stats for './mandelbrot_pth -0.8 -0.7 0.05 0.15 64' (10 runs):

              4,85 msec task-clock                       #    1,546 CPUs utilized               ( +-  2,01% )
                 1      context-switches                 #  206,215 /sec                        ( +- 15,28% )
                 0      cpu-migrations                   #    0,000 /sec                      
                81      page-faults                      #   16,703 K/sec                       ( +-  0,49% )
        17.347.406      cycles                           #    3,577 GHz                         ( +-  0,96% )  (60,82%)
        17.636.126      instructions                     #    1,02  insn per cycle              ( +-  3,60% )  (58,05%)
         1.501.138      branches                         #  309,556 M/sec                       ( +-  2,91% )
            10.973      branch-misses                    #    0,73% of all branches             ( +-  6,23% )  (98,90%)

         0,0031366 +- 0,0000837 seconds time elapsed  ( +-  2,67% )


 Performance counter stats for './mandelbrot_pth -0.8 -0.7 0.05 0.15 128' (10 runs):

             16,84 msec task-clock                       #    1,708 CPUs utilized               ( +-  0,87% )
                 1      context-switches                 #   59,369 /sec                        ( +- 29,06% )
                 0      cpu-migrations                   #    0,000 /sec                      
                81      page-faults                      #    4,809 K/sec                       ( +-  0,48% )
        60.884.275      cycles                           #    3,615 GHz                         ( +-  0,81% )  (74,28%)
        73.088.558      instructions                     #    1,20  insn per cycle              ( +-  0,52% )  (76,01%)
         5.565.942      branches                         #  330,444 M/sec                       ( +-  0,95% )  (75,99%)
            21.583      branch-misses                    #    0,39% of all branches             ( +-  3,09% )  (78,09%)

         0,0098625 +- 0,0000874 seconds time elapsed  ( +-  0,89% )


 Performance counter stats for './mandelbrot_pth -0.8 -0.7 0.05 0.15 256' (10 runs):

             63,60 msec task-clock                       #    1,767 CPUs utilized               ( +-  0,65% )
                 2      context-switches                 #   31,448 /sec                        ( +- 41,37% )
                 0      cpu-migrations                   #    0,000 /sec                      
                81      page-faults                      #    1,274 K/sec                       ( +-  0,56% )
       244.704.582      cycles                           #    3,848 GHz                         ( +-  0,03% )  (74,92%)
       288.161.583      instructions                     #    1,18  insn per cycle              ( +-  0,08% )  (74,90%)
        21.603.121      branches                         #  339,690 M/sec                       ( +-  0,22% )  (74,93%)
            66.104      branch-misses                    #    0,31% of all branches             ( +-  2,18% )  (76,68%)

          0,035989 +- 0,000215 seconds time elapsed  ( +-  0,60% )


 Performance counter stats for './mandelbrot_pth -0.8 -0.7 0.05 0.15 512' (10 runs):

            248,25 msec task-clock                       #    1,787 CPUs utilized               ( +-  0,16% )
                 2      context-switches                 #    8,056 /sec                        ( +- 18,33% )
                 0      cpu-migrations                   #    0,000 /sec                      
                81      page-faults                      #  326,279 /sec                        ( +-  0,63% )
       970.354.701      cycles                           #    3,909 GHz                         ( +-  0,08% )  (74,85%)
     1.145.855.440      instructions                     #    1,18  insn per cycle              ( +-  0,04% )  (75,26%)
        85.744.292      branches                         #  345,389 M/sec                       ( +-  0,02% )  (75,31%)
           245.952      branch-misses                    #    0,29% of all branches             ( +-  0,19% )  (74,92%)

          0,138947 +- 0,000202 seconds time elapsed  ( +-  0,15% )


 Performance counter stats for './mandelbrot_pth -0.8 -0.7 0.05 0.15 1024' (10 runs):

            990,14 msec task-clock                       #    1,791 CPUs utilized               ( +-  0,09% )
                 4      context-switches                 #    4,040 /sec                        ( +- 17,40% )
                 0      cpu-migrations                   #    0,000 /sec                      
                81      page-faults                      #   81,806 /sec                        ( +-  0,66% )
     3.876.827.803      cycles                           #    3,915 GHz                         ( +-  0,01% )  (74,99%)
     4.583.071.320      instructions                     #    1,18  insn per cycle              ( +-  0,01% )  (74,99%)
       341.694.087      branches                         #  345,096 M/sec                       ( +-  0,01% )  (75,09%)
           940.330      branch-misses                    #    0,28% of all branches             ( +-  0,21% )  (74,96%)

          0,552804 +- 0,000479 seconds time elapsed  ( +-  0,09% )


 Performance counter stats for './mandelbrot_pth -0.8 -0.7 0.05 0.15 2048' (10 runs):

          3.940,65 msec task-clock                       #    1,791 CPUs utilized               ( +-  0,06% )
                17      context-switches                 #    4,314 /sec                        ( +-  6,13% )
                 0      cpu-migrations                   #    0,000 /sec                      
                80      page-faults                      #   20,301 /sec                        ( +-  0,57% )
    15.490.090.752      cycles                           #    3,931 GHz                         ( +-  0,00% )  (74,99%)
    18.325.319.172      instructions                     #    1,18  insn per cycle              ( +-  0,01% )  (75,01%)
     1.365.621.619      branches                         #  346,547 M/sec                       ( +-  0,01% )  (75,01%)
         3.668.394      branch-misses                    #    0,27% of all branches             ( +-  0,04% )  (75,02%)

           2,19975 +- 0,00113 seconds time elapsed  ( +-  0,05% )


 Performance counter stats for './mandelbrot_pth -0.8 -0.7 0.05 0.15 4096' (10 runs):

         15.820,53 msec task-clock                       #    1,792 CPUs utilized               ( +-  0,31% )
                74      context-switches                 #    4,677 /sec                        ( +- 43,36% )
                 1      cpu-migrations                   #    0,063 /sec                        ( +- 40,00% )
                81      page-faults                      #    5,120 /sec                        ( +-  0,55% )
    61.951.353.428      cycles                           #    3,916 GHz                         ( +-  0,02% )  (75,00%)
    73.302.779.601      instructions                     #    1,18  insn per cycle              ( +-  0,00% )  (75,00%)
     5.461.061.743      branches                         #  345,188 M/sec                       ( +-  0,00% )  (75,00%)
        14.377.080      branch-misses                    #    0,26% of all branches             ( +-  0,04% )  (75,00%)

            8,8278 +- 0,0263 seconds time elapsed  ( +-  0,30% )


 Performance counter stats for './mandelbrot_pth -0.8 -0.7 0.05 0.15 8192' (10 runs):

         62.969,32 msec task-clock                       #    1,791 CPUs utilized               ( +-  0,05% )
               178      context-switches                 #    2,827 /sec                        ( +-  5,65% )
                 2      cpu-migrations                   #    0,032 /sec                        ( +- 29,63% )
                81      page-faults                      #    1,286 /sec                        ( +-  0,50% )
   247.747.611.320      cycles                           #    3,934 GHz                         ( +-  0,01% )  (75,00%)
   293.180.125.754      instructions                     #    1,18  insn per cycle              ( +-  0,00% )  (75,00%)
    21.842.581.949      branches                         #  346,877 M/sec                       ( +-  0,00% )  (75,00%)
        56.655.510      branch-misses                    #    0,26% of all branches             ( +-  0,02% )  (75,00%)

           35,1564 +- 0,0175 seconds time elapsed  ( +-  0,05% )

