
 Performance counter stats for './mandelbrot_pth -0.188 -0.012 0.554 0.754 16' (10 runs):

              0,84 msec task-clock                       #    0,947 CPUs utilized               ( +-  1,17% )
                 2      context-switches                 #    2,374 K/sec                       ( +-  5,00% )
                 0      cpu-migrations                   #    0,000 /sec                      
                82      page-faults                      #   97,324 K/sec                       ( +-  0,63% )
         2.501.683      cycles                           #    2,969 GHz                         ( +-  5,09% )  (30,89%)
         3.092.170      instructions                     #    1,24  insn per cycle              ( +-  0,16% )
           424.027      branches                         #  503,267 M/sec                       ( +-  0,19% )
             6.327      branch-misses                    #    1,49% of all branches             ( +- 31,98% )  (80,57%)

         0,0008893 +- 0,0000131 seconds time elapsed  ( +-  1,47% )


 Performance counter stats for './mandelbrot_pth -0.188 -0.012 0.554 0.754 32' (10 runs):

              1,77 msec task-clock                       #    1,324 CPUs utilized               ( +-  0,96% )
                 2      context-switches                 #    1,132 K/sec                     
                 0      cpu-migrations                   #    0,000 /sec                      
                83      page-faults                      #   46,986 K/sec                       ( +-  0,68% )
         4.397.843      cycles                           #    2,490 GHz                         ( +-  6,50% )  (66,39%)
         6.920.235      instructions                     #    1,57  insn per cycle              ( +-  0,20% )
           710.416      branches                         #  402,166 M/sec                       ( +-  0,08% )
            13.747      branch-misses                    #    1,94% of all branches             ( +- 26,80% )  (51,83%)

         0,0013345 +- 0,0000150 seconds time elapsed  ( +-  1,12% )


 Performance counter stats for './mandelbrot_pth -0.188 -0.012 0.554 0.754 64' (10 runs):

              5,44 msec task-clock                       #    1,641 CPUs utilized               ( +-  2,21% )
                 1      context-switches                 #  183,678 /sec                        ( +- 10,00% )
                 0      cpu-migrations                   #    0,000 /sec                      
                82      page-faults                      #   15,062 K/sec                       ( +-  0,33% )
        19.484.563      cycles                           #    3,579 GHz                         ( +-  0,76% )  (61,70%)
        20.920.424      instructions                     #    1,07  insn per cycle              ( +-  3,31% )  (61,66%)
         1.624.695      branches                         #  298,420 M/sec                       ( +-  3,20% )
            10.212      branch-misses                    #    0,63% of all branches             ( +-  5,29% )  (85,34%)

         0,0033174 +- 0,0000818 seconds time elapsed  ( +-  2,46% )


 Performance counter stats for './mandelbrot_pth -0.188 -0.012 0.554 0.754 128' (10 runs):

             19,24 msec task-clock                       #    1,806 CPUs utilized               ( +-  1,14% )
                 1      context-switches                 #   51,978 /sec                        ( +- 16,67% )
                 0      cpu-migrations                   #    0,000 /sec                      
                82      page-faults                      #    4,262 K/sec                       ( +-  0,33% )
        69.565.306      cycles                           #    3,616 GHz                         ( +-  0,61% )  (72,58%)
        81.523.577      instructions                     #    1,17  insn per cycle              ( +-  0,57% )  (78,03%)
         6.471.245      branches                         #  336,364 M/sec                       ( +-  0,14% )  (78,84%)
            23.359      branch-misses                    #    0,36% of all branches             ( +-  4,51% )  (76,05%)

          0,010650 +- 0,000115 seconds time elapsed  ( +-  1,08% )


 Performance counter stats for './mandelbrot_pth -0.188 -0.012 0.554 0.754 256' (10 runs):

             72,69 msec task-clock                       #    1,867 CPUs utilized               ( +-  0,60% )
                 1      context-switches                 #   13,756 /sec                        ( +- 13,33% )
                 0      cpu-migrations                   #    0,000 /sec                      
                81      page-faults                      #    1,114 K/sec                       ( +-  0,49% )
       278.259.446      cycles                           #    3,828 GHz                         ( +-  0,09% )  (73,66%)
       324.811.358      instructions                     #    1,17  insn per cycle              ( +-  0,21% )  (76,18%)
        24.708.063      branches                         #  339,892 M/sec                       ( +-  0,09% )  (76,44%)
            73.940      branch-misses                    #    0,30% of all branches             ( +-  1,78% )  (74,57%)

          0,038934 +- 0,000221 seconds time elapsed  ( +-  0,57% )


 Performance counter stats for './mandelbrot_pth -0.188 -0.012 0.554 0.754 512' (10 runs):

            285,99 msec task-clock                       #    1,885 CPUs utilized               ( +-  0,29% )
                 2      context-switches                 #    6,993 /sec                        ( +- 19,79% )
                 0      cpu-migrations                   #    0,000 /sec                      
                81      page-faults                      #  283,231 /sec                        ( +-  0,55% )
     1.107.602.620      cycles                           #    3,873 GHz                         ( +-  0,03% )  (74,84%)
     1.304.532.215      instructions                     #    1,18  insn per cycle              ( +-  0,05% )  (74,78%)
        97.441.830      branches                         #  340,723 M/sec                       ( +-  0,06% )  (75,34%)
           270.839      branch-misses                    #    0,28% of all branches             ( +-  0,43% )  (75,46%)

          0,151718 +- 0,000400 seconds time elapsed  ( +-  0,26% )


 Performance counter stats for './mandelbrot_pth -0.188 -0.012 0.554 0.754 1024' (10 runs):

          1.137,43 msec task-clock                       #    1,890 CPUs utilized               ( +-  0,09% )
                 6      context-switches                 #    5,275 /sec                        ( +- 11,44% )
                 0      cpu-migrations                   #    0,000 /sec                      
                81      page-faults                      #   71,213 /sec                        ( +-  0,48% )
     4.422.385.136      cycles                           #    3,888 GHz                         ( +-  0,01% )  (75,01%)
     5.220.492.610      instructions                     #    1,18  insn per cycle              ( +-  0,01% )  (75,02%)
       388.813.047      branches                         #  341,834 M/sec                       ( +-  0,01% )  (75,08%)
         1.047.456      branch-misses                    #    0,27% of all branches             ( +-  0,11% )  (74,95%)

          0,601705 +- 0,000548 seconds time elapsed  ( +-  0,09% )


 Performance counter stats for './mandelbrot_pth -0.188 -0.012 0.554 0.754 2048' (10 runs):

          4.540,73 msec task-clock                       #    1,892 CPUs utilized               ( +-  0,10% )
                15      context-switches                 #    3,303 /sec                        ( +-  8,48% )
                 0      cpu-migrations                   #    0,000 /sec                      
                81      page-faults                      #   17,839 /sec                        ( +-  0,59% )
    17.675.142.211      cycles                           #    3,893 GHz                         ( +-  0,01% )  (75,00%)
    20.877.477.102      instructions                     #    1,18  insn per cycle              ( +-  0,01% )  (75,01%)
     1.554.615.340      branches                         #  342,372 M/sec                       ( +-  0,00% )  (75,01%)
         4.122.856      branch-misses                    #    0,27% of all branches             ( +-  0,04% )  (75,01%)

           2,40017 +- 0,00234 seconds time elapsed  ( +-  0,10% )


 Performance counter stats for './mandelbrot_pth -0.188 -0.012 0.554 0.754 4096' (10 runs):

         18.137,94 msec task-clock                       #    1,892 CPUs utilized               ( +-  0,06% )
                47      context-switches                 #    2,591 /sec                        ( +-  7,43% )
                 1      cpu-migrations                   #    0,055 /sec                        ( +- 30,00% )
                80      page-faults                      #    4,411 /sec                        ( +-  0,53% )
    70.691.307.557      cycles                           #    3,897 GHz                         ( +-  0,01% )  (75,00%)
    83.505.774.194      instructions                     #    1,18  insn per cycle              ( +-  0,00% )  (75,00%)
     6.217.005.992      branches                         #  342,763 M/sec                       ( +-  0,00% )  (75,00%)
        16.327.024      branch-misses                    #    0,26% of all branches             ( +-  0,02% )  (75,00%)

           9,58764 +- 0,00554 seconds time elapsed  ( +-  0,06% )


 Performance counter stats for './mandelbrot_pth -0.188 -0.012 0.554 0.754 8192' (10 runs):

         72.499,10 msec task-clock                       #    1,892 CPUs utilized               ( +-  0,06% )
               227      context-switches                 #    3,131 /sec                        ( +-  5,06% )
                 4      cpu-migrations                   #    0,055 /sec                        ( +- 26,40% )
                81      page-faults                      #    1,117 /sec                        ( +-  0,50% )
   282.775.800.403      cycles                           #    3,900 GHz                         ( +-  0,01% )  (75,00%)
   334.002.269.880      instructions                     #    1,18  insn per cycle              ( +-  0,00% )  (75,00%)
    24.865.812.804      branches                         #  342,981 M/sec                       ( +-  0,00% )  (75,00%)
        64.760.041      branch-misses                    #    0,26% of all branches             ( +-  0,02% )  (75,00%)

           38,3266 +- 0,0221 seconds time elapsed  ( +-  0,06% )

