
 Performance counter stats for './mandelbrot_seq -0.188 -0.012 0.554 0.754 16' (10 runs):

              0,70 msec task-clock                       #    0,711 CPUs utilized               ( +-  4,03% )
                 0      context-switches                 #    0,000 /sec                      
                 0      cpu-migrations                   #    0,000 /sec                      
                65      page-faults                      #   93,460 K/sec                       ( +-  0,48% )
         2.397.351      cycles                           #    3,447 GHz                         ( +-  2,30% )  (61,65%)
         2.658.298      instructions                     #    1,11  insn per cycle              ( +-  0,18% )
           343.185      branches                         #  493,450 M/sec                       ( +-  0,24% )
             6.150      branch-misses                    #    1,79% of all branches             ( +- 21,25% )  (38,35%)

         0,0009783 +- 0,0000441 seconds time elapsed  ( +-  4,51% )


 Performance counter stats for './mandelbrot_seq -0.188 -0.012 0.554 0.754 32' (10 runs):

              1,84 msec task-clock                       #    0,842 CPUs utilized               ( +-  4,93% )
                 0      context-switches                 #    0,000 /sec                      
                 0      cpu-migrations                   #    0,000 /sec                      
                73      page-faults                      #   39,687 K/sec                       ( +-  0,29% )
         6.266.940      cycles                           #    3,407 GHz                         ( +-  2,70% )  (53,78%)
         6.883.256      instructions                     #    1,10  insn per cycle              ( +-  1,24% )  (90,41%)
           691.935      branches                         #  376,176 M/sec                       ( +-  0,18% )
             6.086      branch-misses                    #    0,88% of all branches             ( +-  6,56% )  (55,81%)

          0,002184 +- 0,000116 seconds time elapsed  ( +-  5,31% )


 Performance counter stats for './mandelbrot_seq -0.188 -0.012 0.554 0.754 64' (10 runs):

              5,31 msec task-clock                       #    0,940 CPUs utilized               ( +-  2,31% )
                 0      context-switches                 #    0,000 /sec                      
                 0      cpu-migrations                   #    0,000 /sec                      
               102      page-faults                      #   19,218 K/sec                       ( +-  0,27% )
        20.258.823      cycles                           #    3,817 GHz                         ( +-  0,68% )  (79,50%)
        23.791.416      instructions                     #    1,17  insn per cycle              ( +-  0,37% )  (79,48%)
         2.176.355      branches                         #  410,042 M/sec                       ( +-  0,38% )  (79,47%)
             9.913      branch-misses                    #    0,46% of all branches             ( +-  7,24% )  (61,55%)

          0,005646 +- 0,000142 seconds time elapsed  ( +-  2,51% )


 Performance counter stats for './mandelbrot_seq -0.188 -0.012 0.554 0.754 128' (10 runs):

             18,29 msec task-clock                       #    0,983 CPUs utilized               ( +-  1,72% )
                 0      context-switches                 #    0,000 /sec                      
                 0      cpu-migrations                   #    0,000 /sec                      
               223      page-faults                      #   12,196 K/sec                       ( +-  0,13% )
        74.899.687      cycles                           #    4,096 GHz                         ( +-  0,15% )  (71,76%)
        91.973.234      instructions                     #    1,23  insn per cycle              ( +-  0,24% )  (74,03%)
         7.909.990      branches                         #  432,594 M/sec                       ( +-  1,10% )  (77,41%)
            24.788      branch-misses                    #    0,31% of all branches             ( +-  2,93% )  (76,80%)

          0,018596 +- 0,000318 seconds time elapsed  ( +-  1,71% )


 Performance counter stats for './mandelbrot_seq -0.188 -0.012 0.554 0.754 256' (10 runs):

             68,80 msec task-clock                       #    0,995 CPUs utilized               ( +-  0,82% )
                 0      context-switches                 #    0,000 /sec                      
                 0      cpu-migrations                   #    0,000 /sec                      
               703      page-faults                      #   10,218 K/sec                       ( +-  0,04% )
       294.241.971      cycles                           #    4,277 GHz                         ( +-  0,15% )  (74,77%)
       360.324.272      instructions                     #    1,22  insn per cycle              ( +-  0,18% )  (74,77%)
        30.727.149      branches                         #  446,624 M/sec                       ( +-  0,57% )  (74,77%)
            75.034      branch-misses                    #    0,24% of all branches             ( +-  0,84% )  (75,69%)

          0,069121 +- 0,000564 seconds time elapsed  ( +-  0,82% )


 Performance counter stats for './mandelbrot_seq -0.188 -0.012 0.554 0.754 512' (10 runs):

            268,89 msec task-clock                       #    0,999 CPUs utilized               ( +-  0,40% )
                 1      context-switches                 #    3,719 /sec                        ( +- 40,14% )
                 0      cpu-migrations                   #    0,000 /sec                      
             2.623      page-faults                      #    9,755 K/sec                       ( +-  0,01% )
     1.170.993.630      cycles                           #    4,355 GHz                         ( +-  0,06% )  (74,85%)
     1.439.673.922      instructions                     #    1,23  insn per cycle              ( +-  0,05% )  (74,85%)
       120.382.994      branches                         #  447,706 M/sec                       ( +-  0,18% )  (75,10%)
           278.942      branch-misses                    #    0,23% of all branches             ( +-  0,29% )  (75,20%)

           0,26921 +- 0,00109 seconds time elapsed  ( +-  0,40% )


 Performance counter stats for './mandelbrot_seq -0.188 -0.012 0.554 0.754 1024' (10 runs):

          1.059,22 msec task-clock                       #    1,000 CPUs utilized               ( +-  0,11% )
                 4      context-switches                 #    3,776 /sec                        ( +- 11,30% )
                 0      cpu-migrations                   #    0,000 /sec                      
            10.303      page-faults                      #    9,727 K/sec                       ( +-  0,00% )
     4.677.130.399      cycles                           #    4,416 GHz                         ( +-  0,05% )  (74,96%)
     5.756.755.213      instructions                     #    1,23  insn per cycle              ( +-  0,02% )  (74,98%)
       477.813.537      branches                         #  451,100 M/sec                       ( +-  0,08% )  (75,07%)
         1.085.041      branch-misses                    #    0,23% of all branches             ( +-  0,15% )  (74,99%)

           1,05950 +- 0,00119 seconds time elapsed  ( +-  0,11% )


 Performance counter stats for './mandelbrot_seq -0.188 -0.012 0.554 0.754 2048' (10 runs):

          4.324,49 msec task-clock                       #    0,989 CPUs utilized               ( +-  0,99% )
                71      context-switches                 #   16,418 /sec                        ( +- 60,59% )
                 1      cpu-migrations                   #    0,231 /sec                        ( +- 47,61% )
            41.023      page-faults                      #    9,486 K/sec                       ( +-  0,00% )
    18.757.397.201      cycles                           #    4,337 GHz                         ( +-  0,13% )  (74,99%)
    23.034.233.120      instructions                     #    1,23  insn per cycle              ( +-  0,01% )  (74,99%)
     1.914.549.595      branches                         #  442,723 M/sec                       ( +-  0,03% )  (75,03%)
         4.315.957      branch-misses                    #    0,23% of all branches             ( +-  0,27% )  (74,98%)

            4,3704 +- 0,0434 seconds time elapsed  ( +-  0,99% )


 Performance counter stats for './mandelbrot_seq -0.188 -0.012 0.554 0.754 4096' (10 runs):

         16.986,10 msec task-clock                       #    0,995 CPUs utilized               ( +-  0,42% )
               127      context-switches                 #    7,477 /sec                        ( +-  5,97% )
                 4      cpu-migrations                   #    0,235 /sec                        ( +- 24,22% )
           163.903      page-faults                      #    9,649 K/sec                       ( +-  0,00% )
    74.780.521.224      cycles                           #    4,402 GHz                         ( +-  0,03% )  (75,01%)
    92.119.071.723      instructions                     #    1,23  insn per cycle              ( +-  0,01% )  (74,99%)
     7.650.246.992      branches                         #  450,383 M/sec                       ( +-  0,02% )  (74,99%)
        16.987.778      branch-misses                    #    0,22% of all branches             ( +-  0,14% )  (75,01%)

           17,0661 +- 0,0713 seconds time elapsed  ( +-  0,42% )


 Performance counter stats for './mandelbrot_seq -0.188 -0.012 0.554 0.754 8192' (10 runs):

         67.306,43 msec task-clock                       #    0,997 CPUs utilized               ( +-  0,09% )
               475      context-switches                 #    7,057 /sec                        ( +-  3,82% )
                 9      cpu-migrations                   #    0,134 /sec                        ( +- 21,91% )
           655.423      page-faults                      #    9,738 K/sec                       ( +-  0,00% )
   298.805.689.307      cycles                           #    4,439 GHz                         ( +-  0,02% )  (75,00%)
   368.372.538.858      instructions                     #    1,23  insn per cycle              ( +-  0,00% )  (75,00%)
    30.599.402.814      branches                         #  454,628 M/sec                       ( +-  0,00% )  (75,00%)
        67.182.123      branch-misses                    #    0,22% of all branches             ( +-  0,09% )  (75,00%)

           67,4982 +- 0,0586 seconds time elapsed  ( +-  0,09% )

