
 Performance counter stats for './mandelbrot_omp 0.175 0.375 -0.1 0.1 16' (10 runs):

              3,18 msec task-clock                       #    1,646 CPUs utilized               ( +-  1,10% )
                86      context-switches                 #   27,060 K/sec                       ( +-  1,68% )
                30      cpu-migrations                   #    9,440 K/sec                       ( +-  6,70% )
               137      page-faults                      #   43,107 K/sec                       ( +-  0,32% )
         8.688.571      cycles                           #    2,734 GHz                         ( +-  2,74% )  (18,04%)
         7.210.936      instructions                     #    0,83  insn per cycle              ( +-  1,41% )  (87,10%)
         1.263.728      branches                         #  397,636 M/sec                       ( +-  0,48% )
            13.215      branch-misses                    #    1,05% of all branches             ( +- 14,41% )  (98,95%)

         0,0019309 +- 0,0000217 seconds time elapsed  ( +-  1,13% )


 Performance counter stats for './mandelbrot_omp 0.175 0.375 -0.1 0.1 32' (10 runs):

              4,00 msec task-clock                       #    1,808 CPUs utilized               ( +-  0,47% )
                82      context-switches                 #   20,519 K/sec                       ( +-  1,06% )
                30      cpu-migrations                   #    7,507 K/sec                       ( +-  5,31% )
               137      page-faults                      #   34,283 K/sec                       ( +-  0,21% )
        11.691.700      cycles                           #    2,926 GHz                         ( +-  2,98% )  (50,58%)
         9.693.252      instructions                     #    0,83  insn per cycle              ( +-  2,06% )
         1.610.435      branches                         #  402,991 M/sec                       ( +-  0,22% )
            17.173      branch-misses                    #    1,07% of all branches             ( +-  5,88% )  (63,06%)

         0,0022109 +- 0,0000146 seconds time elapsed  ( +-  0,66% )


 Performance counter stats for './mandelbrot_omp 0.175 0.375 -0.1 0.1 64' (10 runs):

              8,21 msec task-clock                       #    2,850 CPUs utilized               ( +-  0,80% )
                91      context-switches                 #   11,080 K/sec                       ( +-  1,95% )
                33      cpu-migrations                   #    4,018 K/sec                       ( +-  3,42% )
               137      page-faults                      #   16,681 K/sec                       ( +-  0,21% )
        25.242.904      cycles                           #    3,073 GHz                         ( +-  1,29% )  (23,60%)
        21.483.791      instructions                     #    0,85  insn per cycle              ( +-  1,81% )  (83,75%)
         3.053.929      branches                         #  371,836 M/sec                       ( +-  0,23% )
            20.110      branch-misses                    #    0,66% of all branches             ( +-  3,25% )  (98,45%)

         0,0028819 +- 0,0000447 seconds time elapsed  ( +-  1,55% )


 Performance counter stats for './mandelbrot_omp 0.175 0.375 -0.1 0.1 128' (10 runs):

             26,90 msec task-clock                       #    4,338 CPUs utilized               ( +-  1,23% )
                82      context-switches                 #    3,049 K/sec                       ( +-  2,56% )
                26      cpu-migrations                   #  966,673 /sec                        ( +-  5,09% )
               137      page-faults                      #    5,094 K/sec                       ( +-  0,21% )
        78.380.483      cycles                           #    2,914 GHz                         ( +-  0,61% )  (75,59%)
        68.569.048      instructions                     #    0,87  insn per cycle              ( +-  2,06% )  (68,88%)
         9.087.860      branches                         #  337,884 M/sec                       ( +-  0,59% )  (75,24%)
            34.506      branch-misses                    #    0,38% of all branches             ( +-  6,33% )  (83,62%)

          0,006200 +- 0,000133 seconds time elapsed  ( +-  2,14% )


 Performance counter stats for './mandelbrot_omp 0.175 0.375 -0.1 0.1 256' (10 runs):

             99,72 msec task-clock                       #    5,358 CPUs utilized               ( +-  0,81% )
                98      context-switches                 #  982,756 /sec                        ( +-  4,06% )
                39      cpu-migrations                   #  391,097 /sec                        ( +-  5,59% )
               137      page-faults                      #    1,374 K/sec                       ( +-  0,24% )
       297.659.370      cycles                           #    2,985 GHz                         ( +-  0,54% )  (70,98%)
       267.068.079      instructions                     #    0,90  insn per cycle              ( +-  0,58% )  (73,33%)
        31.698.686      branches                         #  317,878 M/sec                       ( +-  0,35% )  (76,74%)
            83.866      branch-misses                    #    0,26% of all branches             ( +-  2,31% )  (79,76%)

          0,018610 +- 0,000357 seconds time elapsed  ( +-  1,92% )


 Performance counter stats for './mandelbrot_omp 0.175 0.375 -0.1 0.1 512' (10 runs):

            425,08 msec task-clock                       #    7,396 CPUs utilized               ( +-  0,25% )
               119      context-switches                 #  279,948 /sec                        ( +-  2,03% )
                34      cpu-migrations                   #   79,985 /sec                        ( +-  2,47% )
               137      page-faults                      #  322,293 /sec                        ( +-  0,22% )
     1.186.573.974      cycles                           #    2,791 GHz                         ( +-  0,21% )  (74,13%)
     1.048.703.307      instructions                     #    0,88  insn per cycle              ( +-  0,17% )  (75,23%)
       122.238.860      branches                         #  287,567 M/sec                       ( +-  0,11% )  (76,32%)
           252.683      branch-misses                    #    0,21% of all branches             ( +-  1,28% )  (74,42%)

          0,057476 +- 0,000157 seconds time elapsed  ( +-  0,27% )


 Performance counter stats for './mandelbrot_omp 0.175 0.375 -0.1 0.1 1024' (10 runs):

          1.698,00 msec task-clock                       #    7,668 CPUs utilized               ( +-  0,08% )
               356      context-switches                 #  209,658 /sec                        ( +-  2,60% )
                45      cpu-migrations                   #   26,502 /sec                        ( +-  5,42% )
               138      page-faults                      #   81,272 /sec                        ( +-  0,20% )
     4.719.886.917      cycles                           #    2,780 GHz                         ( +-  0,08% )  (74,85%)
     4.179.602.465      instructions                     #    0,89  insn per cycle              ( +-  0,04% )  (74,70%)
       484.466.021      branches                         #  285,315 M/sec                       ( +-  0,03% )  (75,09%)
           923.837      branch-misses                    #    0,19% of all branches             ( +-  0,28% )  (75,39%)

          0,221439 +- 0,000778 seconds time elapsed  ( +-  0,35% )


 Performance counter stats for './mandelbrot_omp 0.175 0.375 -0.1 0.1 2048' (10 runs):

          6.804,59 msec task-clock                       #    7,783 CPUs utilized               ( +-  0,19% )
             1.510      context-switches                 #  221,909 /sec                        ( +-  2,43% )
                62      cpu-migrations                   #    9,111 /sec                        ( +-  4,27% )
               137      page-faults                      #   20,133 /sec                        ( +-  0,34% )
    18.931.724.811      cycles                           #    2,782 GHz                         ( +-  0,18% )  (74,94%)
    16.710.734.808      instructions                     #    0,88  insn per cycle              ( +-  0,01% )  (75,00%)
     1.932.255.158      branches                         #  283,963 M/sec                       ( +-  0,01% )  (75,14%)
         3.557.729      branch-misses                    #    0,18% of all branches             ( +-  0,11% )  (74,92%)

           0,87430 +- 0,00242 seconds time elapsed  ( +-  0,28% )


 Performance counter stats for './mandelbrot_omp 0.175 0.375 -0.1 0.1 4096' (10 runs):

         27.214,69 msec task-clock                       #    7,856 CPUs utilized               ( +-  0,06% )
             7.234      context-switches                 #  265,812 /sec                        ( +-  0,49% )
                95      cpu-migrations                   #    3,491 /sec                        ( +-  6,66% )
               137      page-faults                      #    5,034 /sec                        ( +-  0,24% )
    75.550.115.520      cycles                           #    2,776 GHz                         ( +-  0,04% )  (74,99%)
    66.812.633.982      instructions                     #    0,88  insn per cycle              ( +-  0,00% )  (74,99%)
     7.723.298.041      branches                         #  283,792 M/sec                       ( +-  0,00% )  (74,99%)
        13.969.229      branch-misses                    #    0,18% of all branches             ( +-  0,16% )  (75,02%)

           3,46398 +- 0,00280 seconds time elapsed  ( +-  0,08% )


 Performance counter stats for './mandelbrot_omp 0.175 0.375 -0.1 0.1 8192' (10 runs):

        109.011,52 msec task-clock                       #    7,892 CPUs utilized               ( +-  0,09% )
            29.917      context-switches                 #  274,439 /sec                        ( +-  0,25% )
               232      cpu-migrations                   #    2,128 /sec                        ( +-  4,12% )
               137      page-faults                      #    1,257 /sec                        ( +-  0,24% )
   302.600.795.528      cycles                           #    2,776 GHz                         ( +-  0,09% )  (74,99%)
   267.235.358.402      instructions                     #    0,88  insn per cycle              ( +-  0,00% )  (75,00%)
    30.886.307.513      branches                         #  283,331 M/sec                       ( +-  0,00% )  (75,01%)
        55.156.882      branch-misses                    #    0,18% of all branches             ( +-  0,08% )  (75,00%)

           13,8137 +- 0,0211 seconds time elapsed  ( +-  0,15% )

