
 Performance counter stats for './mandelbrot_omp -2.5 1.5 -2.0 2.0 16' (10 runs):

              2,96 msec task-clock                       #    1,601 CPUs utilized               ( +-  2,12% )
                90      context-switches                 #   30,364 K/sec                       ( +-  2,74% )
                31      cpu-migrations                   #   10,459 K/sec                       ( +-  5,08% )
               136      page-faults                      #   45,883 K/sec                       ( +-  0,29% )
         7.020.245      cycles                           #    2,368 GHz                         ( +-  3,93% )  (7,38%)
         6.358.090      instructions                     #    0,91  insn per cycle              ( +-  1,00% )  (97,86%)
         1.158.817      branches                         #  390,953 M/sec                       ( +-  0,70% )
            14.831      branch-misses                    #    1,28% of all branches             ( +- 12,67% )  (97,07%)

         0,0018509 +- 0,0000170 seconds time elapsed  ( +-  0,92% )


 Performance counter stats for './mandelbrot_omp -2.5 1.5 -2.0 2.0 32' (10 runs):

              2,99 msec task-clock                       #    1,616 CPUs utilized               ( +-  0,41% )
                90      context-switches                 #   30,100 K/sec                       ( +-  0,74% )
                31      cpu-migrations                   #   10,368 K/sec                       ( +-  2,73% )
               136      page-faults                      #   45,484 K/sec                       ( +-  0,23% )
         7.683.367      cycles                           #    2,570 GHz                         ( +-  3,75% )  (64,07%)
         6.828.856      instructions                     #    0,89  insn per cycle              ( +-  0,86% )
         1.216.147      branches                         #  406,733 M/sec                       ( +-  0,29% )
            12.752      branch-misses                    #    1,05% of all branches             ( +- 13,08% )  (55,59%)

         0,0018507 +- 0,0000148 seconds time elapsed  ( +-  0,80% )


 Performance counter stats for './mandelbrot_omp -2.5 1.5 -2.0 2.0 64' (10 runs):

              3,61 msec task-clock                       #    1,705 CPUs utilized               ( +-  1,04% )
                85      context-switches                 #   23,540 K/sec                       ( +-  2,32% )
                34      cpu-migrations                   #    9,416 K/sec                       ( +-  3,66% )
               137      page-faults                      #   37,941 K/sec                       ( +-  0,15% )
        10.120.309      cycles                           #    2,803 GHz                         ( +-  2,91% )  (55,03%)
         8.226.253      instructions                     #    0,81  insn per cycle              ( +-  2,66% )
         1.434.354      branches                         #  397,229 M/sec                       ( +-  0,40% )
            20.657      branch-misses                    #    1,44% of all branches             ( +-  9,03% )  (65,50%)

         0,0021182 +- 0,0000395 seconds time elapsed  ( +-  1,87% )


 Performance counter stats for './mandelbrot_omp -2.5 1.5 -2.0 2.0 128' (10 runs):

              5,67 msec task-clock                       #    2,197 CPUs utilized               ( +-  1,30% )
                83      context-switches                 #   14,629 K/sec                       ( +-  3,08% )
                33      cpu-migrations                   #    5,816 K/sec                       ( +-  4,39% )
               136      page-faults                      #   23,970 K/sec                       ( +-  0,31% )
        17.877.063      cycles                           #    3,151 GHz                         ( +-  1,63% )  (31,18%)
        14.291.261      instructions                     #    0,80  insn per cycle              ( +-  5,02% )  (83,06%)
         2.289.013      branches                         #  403,435 M/sec                       ( +-  0,56% )
            20.276      branch-misses                    #    0,89% of all branches             ( +-  6,14% )  (99,36%)

         0,0025820 +- 0,0000819 seconds time elapsed  ( +-  3,17% )


 Performance counter stats for './mandelbrot_omp -2.5 1.5 -2.0 2.0 256' (10 runs):

             15,84 msec task-clock                       #    3,338 CPUs utilized               ( +-  0,79% )
                86      context-switches                 #    5,431 K/sec                       ( +-  2,97% )
                35      cpu-migrations                   #    2,210 K/sec                       ( +-  3,90% )
               135      page-faults                      #    8,525 K/sec                       ( +-  0,26% )
        49.914.818      cycles                           #    3,152 GHz                         ( +-  0,87% )  (72,44%)
        46.272.244      instructions                     #    0,93  insn per cycle              ( +-  0,76% )  (74,37%)
         5.716.961      branches                         #  361,004 M/sec                       ( +-  0,88% )  (86,57%)
            26.949      branch-misses                    #    0,47% of all branches             ( +-  8,68% )  (73,51%)

         0,0047443 +- 0,0000787 seconds time elapsed  ( +-  1,66% )


 Performance counter stats for './mandelbrot_omp -2.5 1.5 -2.0 2.0 512' (10 runs):

             57,79 msec task-clock                       #    4,504 CPUs utilized               ( +-  1,84% )
                90      context-switches                 #    1,557 K/sec                       ( +-  2,81% )
                35      cpu-migrations                   #  605,660 /sec                        ( +-  4,64% )
               136      page-faults                      #    2,353 K/sec                       ( +-  0,26% )
       179.017.899      cycles                           #    3,098 GHz                         ( +-  0,73% )  (73,95%)
       165.036.954      instructions                     #    0,92  insn per cycle              ( +-  0,94% )  (77,77%)
        19.910.408      branches                         #  344,541 M/sec                       ( +-  0,39% )  (79,94%)
            65.150      branch-misses                    #    0,33% of all branches             ( +-  5,22% )  (70,13%)

          0,012831 +- 0,000431 seconds time elapsed  ( +-  3,36% )


 Performance counter stats for './mandelbrot_omp -2.5 1.5 -2.0 2.0 1024' (10 runs):

            238,79 msec task-clock                       #    5,915 CPUs utilized               ( +-  0,78% )
               107      context-switches                 #  448,085 /sec                        ( +-  3,80% )
                29      cpu-migrations                   #  121,444 /sec                        ( +-  5,95% )
               136      page-faults                      #  569,529 /sec                        ( +-  0,29% )
       685.299.250      cycles                           #    2,870 GHz                         ( +-  0,60% )  (74,42%)
       638.820.614      instructions                     #    0,93  insn per cycle              ( +-  0,39% )  (75,47%)
        75.542.507      branches                         #  316,350 M/sec                       ( +-  0,15% )  (76,84%)
           195.256      branch-misses                    #    0,26% of all branches             ( +-  1,69% )  (73,69%)

          0,040371 +- 0,000380 seconds time elapsed  ( +-  0,94% )


 Performance counter stats for './mandelbrot_omp -2.5 1.5 -2.0 2.0 2048' (10 runs):

            965,33 msec task-clock                       #    6,392 CPUs utilized               ( +-  0,55% )
               140      context-switches                 #  145,028 /sec                        ( +-  4,47% )
                28      cpu-migrations                   #   29,006 /sec                        ( +-  6,05% )
               136      page-faults                      #  140,884 /sec                        ( +-  0,22% )
     2.749.150.130      cycles                           #    2,848 GHz                         ( +-  0,49% )  (74,83%)
     2.540.640.076      instructions                     #    0,92  insn per cycle              ( +-  0,12% )  (75,14%)
       296.437.784      branches                         #  307,084 M/sec                       ( +-  0,03% )  (75,39%)
           642.989      branch-misses                    #    0,22% of all branches             ( +-  0,40% )  (74,69%)

           0,15103 +- 0,00126 seconds time elapsed  ( +-  0,83% )


 Performance counter stats for './mandelbrot_omp -2.5 1.5 -2.0 2.0 4096' (10 runs):

          3.913,27 msec task-clock                       #    6,772 CPUs utilized               ( +-  0,41% )
               376      context-switches                 #   96,083 /sec                        ( +-  4,84% )
                42      cpu-migrations                   #   10,733 /sec                        ( +-  4,38% )
               136      page-faults                      #   34,754 /sec                        ( +-  0,34% )
    11.047.226.418      cycles                           #    2,823 GHz                         ( +-  0,36% )  (75,02%)
    10.151.569.007      instructions                     #    0,92  insn per cycle              ( +-  0,03% )  (74,94%)
     1.180.361.011      branches                         #  301,631 M/sec                       ( +-  0,01% )  (74,99%)
         2.317.751      branch-misses                    #    0,20% of all branches             ( +-  0,23% )  (75,05%)

           0,57783 +- 0,00433 seconds time elapsed  ( +-  0,75% )


 Performance counter stats for './mandelbrot_omp -2.5 1.5 -2.0 2.0 8192' (10 runs):

         15.524,76 msec task-clock                       #    6,882 CPUs utilized               ( +-  0,18% )
             1.552      context-switches                 #   99,969 /sec                        ( +-  1,58% )
                76      cpu-migrations                   #    4,895 /sec                        ( +-  2,97% )
               136      page-faults                      #    8,760 /sec                        ( +-  0,33% )
    43.732.240.841      cycles                           #    2,817 GHz                         ( +-  0,14% )  (74,99%)
    40.584.219.384      instructions                     #    0,93  insn per cycle              ( +-  0,01% )  (74,97%)
     4.714.855.816      branches                         #  303,699 M/sec                       ( +-  0,01% )  (75,00%)
         8.605.320      branch-misses                    #    0,18% of all branches             ( +-  0,10% )  (75,03%)

            2,2559 +- 0,0106 seconds time elapsed  ( +-  0,47% )

