
 Performance counter stats for './mandelbrot_pth -0.8 -0.7 0.05 0.15 16' (10 runs):

              1,35 msec task-clock                       #    1,248 CPUs utilized               ( +-  1,16% )
                 8      context-switches                 #    5,910 K/sec                       ( +-  8,29% )
                 0      cpu-migrations                   #    0,000 /sec                      
                98      page-faults                      #   72,401 K/sec                       ( +-  0,65% )
         3.820.845      cycles                           #    2,823 GHz                         ( +-  3,74% )  (17,19%)
         4.089.878      instructions                     #    1,07  insn per cycle              ( +-  0,36% )
           624.375      branches                         #  461,276 M/sec                       ( +-  0,47% )
            13.246      branch-misses                    #    2,12% of all branches             ( +- 13,03% )  (86,99%)

        0,00108461 +- 0,00000986 seconds time elapsed  ( +-  0,91% )


 Performance counter stats for './mandelbrot_pth -0.8 -0.7 0.05 0.15 32' (10 runs):

              2,86 msec task-clock                       #    2,005 CPUs utilized               ( +-  1,07% )
                 8      context-switches                 #    2,795 K/sec                       ( +-  5,42% )
                 4      cpu-migrations                   #    1,397 K/sec                       ( +-  7,26% )
               107      page-faults                      #   37,378 K/sec                       ( +-  0,68% )
         5.997.675      cycles                           #    2,095 GHz                         ( +-  7,04% )  (7,58%)
         7.840.256      instructions                     #    1,31  insn per cycle              ( +-  0,59% )  (96,25%)
           947.296      branches                         #  330,920 M/sec                       ( +-  0,20% )
            16.445      branch-misses                    #    1,74% of all branches             ( +-  2,78% )  (99,04%)

         0,0014277 +- 0,0000165 seconds time elapsed  ( +-  1,16% )


 Performance counter stats for './mandelbrot_pth -0.8 -0.7 0.05 0.15 64' (10 runs):

              7,35 msec task-clock                       #    3,508 CPUs utilized               ( +-  1,45% )
                 8      context-switches                 #    1,088 K/sec                       ( +-  4,35% )
                 0      cpu-migrations                   #    0,000 /sec                      
               139      page-faults                      #   18,899 K/sec                       ( +-  1,00% )
        20.376.742      cycles                           #    2,770 GHz                         ( +-  4,42% )  (28,98%)
        22.211.277      instructions                     #    1,09  insn per cycle              ( +-  0,98% )
         2.211.765      branches                         #  300,718 M/sec                       ( +-  0,07% )
            18.272      branch-misses                    #    0,83% of all branches             ( +-  5,11% )  (82,15%)

         0,0020969 +- 0,0000382 seconds time elapsed  ( +-  1,82% )


 Performance counter stats for './mandelbrot_pth -0.8 -0.7 0.05 0.15 128' (10 runs):

             29,91 msec task-clock                       #    4,917 CPUs utilized               ( +-  0,90% )
                 4      context-switches                 #  133,738 /sec                        ( +- 10,03% )
                 0      cpu-migrations                   #    0,000 /sec                      
               255      page-faults                      #    8,526 K/sec                       ( +-  0,21% )
        77.008.790      cycles                           #    2,575 GHz                         ( +-  1,73% )  (85,54%)
        84.370.637      instructions                     #    1,10  insn per cycle              ( +-  1,23% )  (72,57%)
         7.864.263      branches                         #  262,939 M/sec                       ( +-  1,65% )  (72,90%)
            27.856      branch-misses                    #    0,35% of all branches             ( +-  5,45% )  (79,48%)

         0,0060832 +- 0,0000824 seconds time elapsed  ( +-  1,35% )


 Performance counter stats for './mandelbrot_pth -0.8 -0.7 0.05 0.15 256' (10 runs):

            117,03 msec task-clock                       #    5,538 CPUs utilized               ( +-  0,33% )
                 9      context-switches                 #   76,904 /sec                        ( +-  5,30% )
                 0      cpu-migrations                   #    0,000 /sec                      
               735      page-faults                      #    6,280 K/sec                       ( +-  0,07% )
       323.131.727      cycles                           #    2,761 GHz                         ( +-  0,46% )  (76,97%)
       315.818.274      instructions                     #    0,98  insn per cycle              ( +-  0,29% )  (78,16%)
        27.513.747      branches                         #  235,102 M/sec                       ( +-  0,55% )  (73,83%)
            84.946      branch-misses                    #    0,31% of all branches             ( +-  0,67% )  (74,84%)

          0,021133 +- 0,000190 seconds time elapsed  ( +-  0,90% )


 Performance counter stats for './mandelbrot_pth -0.8 -0.7 0.05 0.15 512' (10 runs):

            459,22 msec task-clock                       #    5,825 CPUs utilized               ( +-  0,09% )
                14      context-switches                 #   30,486 /sec                        ( +-  9,06% )
                 0      cpu-migrations                   #    0,000 /sec                      
             2.656      page-faults                      #    5,784 K/sec                       ( +-  0,01% )
     1.270.180.680      cycles                           #    2,766 GHz                         ( +-  0,17% )  (74,57%)
     1.283.901.217      instructions                     #    1,01  insn per cycle              ( +-  0,05% )  (75,16%)
       108.667.327      branches                         #  236,633 M/sec                       ( +-  0,15% )  (75,41%)
           270.979      branch-misses                    #    0,25% of all branches             ( +-  0,46% )  (75,41%)

          0,078832 +- 0,000133 seconds time elapsed  ( +-  0,17% )


 Performance counter stats for './mandelbrot_pth -0.8 -0.7 0.05 0.15 1024' (10 runs):

          1.782,84 msec task-clock                       #    5,877 CPUs utilized               ( +-  0,12% )
                34      context-switches                 #   19,071 /sec                        ( +- 12,33% )
                 0      cpu-migrations                   #    0,000 /sec                      
            10.336      page-faults                      #    5,797 K/sec                       ( +-  0,00% )
     5.053.097.960      cycles                           #    2,834 GHz                         ( +-  0,04% )  (74,90%)
     5.117.349.211      instructions                     #    1,01  insn per cycle              ( +-  0,04% )  (75,10%)
       432.101.747      branches                         #  242,367 M/sec                       ( +-  0,04% )  (75,20%)
           999.170      branch-misses                    #    0,23% of all branches             ( +-  0,27% )  (75,03%)

          0,303383 +- 0,000617 seconds time elapsed  ( +-  0,20% )


 Performance counter stats for './mandelbrot_pth -0.8 -0.7 0.05 0.15 2048' (10 runs):

          7.139,30 msec task-clock                       #    5,541 CPUs utilized               ( +-  0,87% )
               287      context-switches                 #   40,200 /sec                        ( +- 22,91% )
                 4      cpu-migrations                   #    0,560 /sec                        ( +- 43,31% )
            41.056      page-faults                      #    5,751 K/sec                       ( +-  0,00% )
    20.242.590.624      cycles                           #    2,835 GHz                         ( +-  0,06% )  (74,99%)
    20.488.436.210      instructions                     #    1,01  insn per cycle              ( +-  0,02% )  (74,99%)
     1.724.959.452      branches                         #  241,615 M/sec                       ( +-  0,03% )  (75,04%)
         3.906.290      branch-misses                    #    0,23% of all branches             ( +-  0,44% )  (75,03%)

            1,2884 +- 0,0275 seconds time elapsed  ( +-  2,13% )


 Performance counter stats for './mandelbrot_pth -0.8 -0.7 0.05 0.15 4096' (10 runs):

         28.087,99 msec task-clock                       #    5,799 CPUs utilized               ( +-  0,25% )
               302      context-switches                 #   10,752 /sec                        ( +-  4,60% )
                 2      cpu-migrations                   #    0,071 /sec                        ( +- 25,87% )
           163.936      page-faults                      #    5,837 K/sec                       ( +-  0,00% )
    81.245.714.192      cycles                           #    2,893 GHz                         ( +-  0,28% )  (75,00%)
    81.945.382.250      instructions                     #    1,01  insn per cycle              ( +-  0,01% )  (75,00%)
     6.898.579.208      branches                         #  245,606 M/sec                       ( +-  0,01% )  (75,01%)
        15.133.672      branch-misses                    #    0,22% of all branches             ( +-  0,18% )  (74,99%)

            4,8433 +- 0,0155 seconds time elapsed  ( +-  0,32% )


 Performance counter stats for './mandelbrot_pth -0.8 -0.7 0.05 0.15 8192' (10 runs):

        111.998,95 msec task-clock                       #    5,861 CPUs utilized               ( +-  0,14% )
             1.326      context-switches                 #   11,839 /sec                        ( +-  7,29% )
                 8      cpu-migrations                   #    0,071 /sec                        ( +- 15,00% )
           655.456      page-faults                      #    5,852 K/sec                       ( +-  0,00% )
   323.218.016.394      cycles                           #    2,886 GHz                         ( +-  0,03% )  (74,99%)
   327.801.209.732      instructions                     #    1,01  insn per cycle              ( +-  0,00% )  (75,00%)
    27.602.628.468      branches                         #  246,454 M/sec                       ( +-  0,00% )  (75,00%)
        59.690.735      branch-misses                    #    0,22% of all branches             ( +-  0,07% )  (75,00%)

           19,1087 +- 0,0240 seconds time elapsed  ( +-  0,13% )

