
 Performance counter stats for './mandelbrot_omp -0.8 -0.7 0.05 0.15 16' (10 runs):

              1,83 msec task-clock                       #    1,963 CPUs utilized               ( +-  3,90% )
                 0      context-switches                 #    0,000 /sec                      
                 0      cpu-migrations                   #    0,000 /sec                      
                87      page-faults                      #   47,549 K/sec                       ( +-  0,38% )
         4.212.883      cycles                           #    2,303 GHz                         ( +- 12,42% )  (95,40%)
         3.390.357      instructions                     #    0,80  insn per cycle              ( +-  0,65% )
           552.479      branches                         #  301,954 M/sec                       ( +-  0,72% )
             4.685      branch-misses                    #    0,85% of all branches             ( +- 27,50% )  (11,80%)

         0,0009320 +- 0,0000117 seconds time elapsed  ( +-  1,25% )


 Performance counter stats for './mandelbrot_omp -0.8 -0.7 0.05 0.15 32' (10 runs):

              3,15 msec task-clock                       #    2,795 CPUs utilized               ( +-  1,52% )
                 0      context-switches                 #    0,000 /sec                      
                 0      cpu-migrations                   #    0,000 /sec                      
                86      page-faults                      #   27,266 K/sec                       ( +-  0,43% )
         5.451.290      cycles                           #    1,728 GHz                         ( +- 17,16% )  (81,41%)
         6.671.596      instructions                     #    1,22  insn per cycle              ( +-  0,24% )
           936.480      branches                         #  296,903 M/sec                       ( +-  0,30% )
             8.992      branch-misses                    #    0,96% of all branches             ( +-  9,27% )  (56,91%)

         0,0011285 +- 0,0000110 seconds time elapsed  ( +-  0,98% )


 Performance counter stats for './mandelbrot_omp -0.8 -0.7 0.05 0.15 64' (10 runs):

              8,24 msec task-clock                       #    4,445 CPUs utilized               ( +-  1,82% )
                 0      context-switches                 #    0,000 /sec                      
                 0      cpu-migrations                   #    0,000 /sec                      
                86      page-faults                      #   10,442 K/sec                       ( +-  0,49% )
        17.095.046      cycles                           #    2,076 GHz                         ( +- 16,94% )  (86,62%)
        18.856.284      instructions                     #    1,10  insn per cycle              ( +-  2,49% )
         2.466.720      branches                         #  299,496 M/sec                       ( +-  0,08% )
            11.367      branch-misses                    #    0,46% of all branches             ( +- 14,00% )  (50,91%)

         0,0018528 +- 0,0000360 seconds time elapsed  ( +-  1,94% )


 Performance counter stats for './mandelbrot_omp -0.8 -0.7 0.05 0.15 128' (10 runs):

             33,00 msec task-clock                       #    6,727 CPUs utilized               ( +-  0,58% )
                 4      context-switches                 #  121,223 /sec                        ( +- 18,33% )
                 0      cpu-migrations                   #    0,000 /sec                      
                86      page-faults                      #    2,606 K/sec                       ( +-  0,34% )
        85.725.972      cycles                           #    2,598 GHz                         ( +-  1,45% )  (76,41%)
        70.708.365      instructions                     #    0,82  insn per cycle              ( +-  2,38% )  (76,49%)
         8.950.205      branches                         #  271,243 M/sec                       ( +-  1,17% )  (76,45%)
            21.967      branch-misses                    #    0,25% of all branches             ( +-  9,22% )  (83,65%)

         0,0049051 +- 0,0000176 seconds time elapsed  ( +-  0,36% )


 Performance counter stats for './mandelbrot_omp -0.8 -0.7 0.05 0.15 256' (10 runs):

            128,79 msec task-clock                       #    7,639 CPUs utilized               ( +-  0,70% )
                11      context-switches                 #   85,413 /sec                        ( +-  2,86% )
                 0      cpu-migrations                   #    0,000 /sec                      
                86      page-faults                      #  667,774 /sec                        ( +-  0,36% )
       354.271.472      cycles                           #    2,751 GHz                         ( +-  0,60% )  (75,62%)
       279.244.142      instructions                     #    0,79  insn per cycle              ( +-  0,63% )  (75,90%)
        33.700.183      branches                         #  261,675 M/sec                       ( +-  0,48% )  (75,80%)
            71.355      branch-misses                    #    0,21% of all branches             ( +-  3,31% )  (75,83%)

          0,016859 +- 0,000121 seconds time elapsed  ( +-  0,72% )


 Performance counter stats for './mandelbrot_omp -0.8 -0.7 0.05 0.15 512' (10 runs):

            496,84 msec task-clock                       #    7,837 CPUs utilized               ( +-  0,47% )
                17      context-switches                 #   34,216 /sec                        ( +-  3,59% )
                 0      cpu-migrations                   #    0,000 /sec                      
                87      page-faults                      #  175,106 /sec                        ( +-  0,23% )
     1.396.853.456      cycles                           #    2,811 GHz                         ( +-  0,64% )  (74,45%)
     1.122.083.309      instructions                     #    0,80  insn per cycle              ( +-  0,16% )  (74,29%)
       130.771.860      branches                         #  263,206 M/sec                       ( +-  0,16% )  (75,67%)
           254.512      branch-misses                    #    0,19% of all branches             ( +-  0,58% )  (75,86%)

          0,063395 +- 0,000324 seconds time elapsed  ( +-  0,51% )


 Performance counter stats for './mandelbrot_omp -0.8 -0.7 0.05 0.15 1024' (10 runs):

          1.803,17 msec task-clock                       #    7,316 CPUs utilized               ( +-  0,22% )
                34      context-switches                 #   18,856 /sec                        ( +- 11,35% )
                 0      cpu-migrations                   #    0,000 /sec                      
                87      page-faults                      #   48,248 /sec                        ( +-  0,34% )
     5.042.437.421      cycles                           #    2,796 GHz                         ( +-  0,23% )  (74,85%)
     4.435.097.202      instructions                     #    0,88  insn per cycle              ( +-  0,07% )  (75,09%)
       515.172.349      branches                         #  285,703 M/sec                       ( +-  0,05% )  (75,11%)
           973.474      branch-misses                    #    0,19% of all branches             ( +-  0,17% )  (75,01%)

          0,246477 +- 0,000928 seconds time elapsed  ( +-  0,38% )


 Performance counter stats for './mandelbrot_omp -0.8 -0.7 0.05 0.15 2048' (10 runs):

          6.882,96 msec task-clock                       #    7,088 CPUs utilized               ( +-  0,10% )
                90      context-switches                 #   13,076 /sec                        ( +- 19,59% )
                 1      cpu-migrations                   #    0,145 /sec                        ( +- 57,35% )
                85      page-faults                      #   12,349 /sec                        ( +-  0,39% )
    19.210.943.843      cycles                           #    2,791 GHz                         ( +-  0,04% )  (75,01%)
    17.690.411.497      instructions                     #    0,92  insn per cycle              ( +-  0,02% )  (74,96%)
     2.046.868.331      branches                         #  297,382 M/sec                       ( +-  0,02% )  (74,99%)
         3.801.469      branch-misses                    #    0,19% of all branches             ( +-  0,07% )  (75,05%)

           0,97113 +- 0,00213 seconds time elapsed  ( +-  0,22% )


 Performance counter stats for './mandelbrot_omp -0.8 -0.7 0.05 0.15 4096' (10 runs):

         27.141,76 msec task-clock                       #    7,037 CPUs utilized               ( +-  0,05% )
               243      context-switches                 #    8,953 /sec                        ( +-  8,21% )
                 1      cpu-migrations                   #    0,037 /sec                        ( +- 65,06% )
                86      page-faults                      #    3,169 /sec                        ( +-  0,57% )
    75.852.353.791      cycles                           #    2,795 GHz                         ( +-  0,02% )  (74,99%)
    70.690.602.324      instructions                     #    0,93  insn per cycle              ( +-  0,00% )  (75,00%)
     8.168.395.400      branches                         #  300,953 M/sec                       ( +-  0,01% )  (75,01%)
        15.050.341      branch-misses                    #    0,18% of all branches             ( +-  0,04% )  (75,01%)

            3,8569 +- 0,0136 seconds time elapsed  ( +-  0,35% )


 Performance counter stats for './mandelbrot_omp -0.8 -0.7 0.05 0.15 8192' (10 runs):

        108.141,38 msec task-clock                       #    7,004 CPUs utilized               ( +-  0,06% )
               765      context-switches                 #    7,074 /sec                        ( +-  1,37% )
                 3      cpu-migrations                   #    0,028 /sec                        ( +- 18,09% )
                86      page-faults                      #    0,795 /sec                        ( +-  0,29% )
   302.332.703.507      cycles                           #    2,796 GHz                         ( +-  0,01% )  (75,00%)
   282.667.540.685      instructions                     #    0,93  insn per cycle              ( +-  0,00% )  (75,00%)
    32.660.417.114      branches                         #  302,016 M/sec                       ( +-  0,00% )  (75,00%)
        59.841.474      branch-misses                    #    0,18% of all branches             ( +-  0,02% )  (75,00%)

           15,4402 +- 0,0300 seconds time elapsed  ( +-  0,19% )

