
 Performance counter stats for './mandelbrot_omp -0.188 -0.012 0.554 0.754 16' (10 runs):

              1,85 msec task-clock                       #    1,977 CPUs utilized               ( +-  2,01% )
                 0      context-switches                 #    0,000 /sec                      
                 0      cpu-migrations                   #    0,000 /sec                      
                86      page-faults                      #   46,582 K/sec                       ( +-  0,46% )
         4.965.933      cycles                           #    2,690 GHz                         ( +- 11,87% )
         3.534.303      instructions                     #    0,71  insn per cycle              ( +-  0,35% )
           568.066      branches                         #  307,694 M/sec                       ( +-  0,42% )
     <not counted>      branch-misses                                                           ( +- 33,10% )  (0,00%)

         0,0009336 +- 0,0000161 seconds time elapsed  ( +-  1,72% )

Some events weren't counted. Try disabling the NMI watchdog:
	echo 0 > /proc/sys/kernel/nmi_watchdog
	perf stat ...
	echo 1 > /proc/sys/kernel/nmi_watchdog

 Performance counter stats for './mandelbrot_omp -0.188 -0.012 0.554 0.754 32' (10 runs):

              3,32 msec task-clock                       #    2,903 CPUs utilized               ( +-  1,03% )
                 0      context-switches                 #    0,000 /sec                      
                 0      cpu-migrations                   #    0,000 /sec                      
                86      page-faults                      #   25,933 K/sec                       ( +-  0,39% )
         6.685.570      cycles                           #    2,016 GHz                         ( +- 16,33% )  (98,17%)
         7.258.293      instructions                     #    1,09  insn per cycle              ( +-  0,17% )
         1.002.497      branches                         #  302,299 M/sec                       ( +-  0,23% )
             6.294      branch-misses                    #    0,63% of all branches             ( +- 25,77% )  (6,81%)

         0,0011424 +- 0,0000158 seconds time elapsed  ( +-  1,38% )


 Performance counter stats for './mandelbrot_omp -0.188 -0.012 0.554 0.754 64' (10 runs):

              9,01 msec task-clock                       #    4,519 CPUs utilized               ( +-  1,44% )
                 1      context-switches                 #  111,009 /sec                        ( +- 37,86% )
                 0      cpu-migrations                   #    0,000 /sec                      
                86      page-faults                      #    9,547 K/sec                       ( +-  0,51% )
        18.710.381      cycles                           #    2,077 GHz                         ( +- 15,41% )  (78,27%)
        20.432.975      instructions                     #    1,09  insn per cycle              ( +-  4,57% )
         2.744.703      branches                         #  304,687 M/sec                       ( +-  0,14% )
            10.345      branch-misses                    #    0,38% of all branches             ( +-  7,99% )  (66,57%)

         0,0019934 +- 0,0000461 seconds time elapsed  ( +-  2,31% )


 Performance counter stats for './mandelbrot_omp -0.188 -0.012 0.554 0.754 128' (10 runs):

             36,52 msec task-clock                       #    6,806 CPUs utilized               ( +-  0,76% )
                 4      context-switches                 #  109,536 /sec                        ( +- 19,08% )
                 0      cpu-migrations                   #    0,000 /sec                      
                85      page-faults                      #    2,328 K/sec                       ( +-  0,49% )
        88.264.100      cycles                           #    2,417 GHz                         ( +-  2,02% )  (74,98%)
        81.238.177      instructions                     #    0,92  insn per cycle              ( +-  2,32% )  (77,66%)
        10.008.937      branches                         #  274,084 M/sec                       ( +-  0,38% )  (77,53%)
            24.201      branch-misses                    #    0,24% of all branches             ( +-  6,30% )  (75,28%)

         0,0053654 +- 0,0000390 seconds time elapsed  ( +-  0,73% )


 Performance counter stats for './mandelbrot_omp -0.188 -0.012 0.554 0.754 256' (10 runs):

            140,70 msec task-clock                       #    7,663 CPUs utilized               ( +-  0,21% )
                11      context-switches                 #   78,180 /sec                        ( +-  5,28% )
                 0      cpu-migrations                   #    0,000 /sec                      
                86      page-faults                      #  611,225 /sec                        ( +-  0,32% )
       387.274.731      cycles                           #    2,752 GHz                         ( +-  0,28% )  (73,07%)
       312.862.167      instructions                     #    0,81  insn per cycle              ( +-  0,56% )  (75,56%)
        37.295.825      branches                         #  265,071 M/sec                       ( +-  0,13% )  (77,23%)
            76.716      branch-misses                    #    0,21% of all branches             ( +-  1,80% )  (77,03%)

         0,0183612 +- 0,0000363 seconds time elapsed  ( +-  0,20% )


 Performance counter stats for './mandelbrot_omp -0.188 -0.012 0.554 0.754 512' (10 runs):

            544,10 msec task-clock                       #    7,760 CPUs utilized               ( +-  0,06% )
                18      context-switches                 #   33,082 /sec                        ( +-  7,26% )
                 0      cpu-migrations                   #    0,000 /sec                      
                86      page-faults                      #  158,060 /sec                        ( +-  0,27% )
     1.518.106.364      cycles                           #    2,790 GHz                         ( +-  0,15% )  (74,14%)
     1.264.762.174      instructions                     #    0,83  insn per cycle              ( +-  0,20% )  (75,27%)
       147.795.130      branches                         #  271,634 M/sec                       ( +-  0,06% )  (75,51%)
           275.586      branch-misses                    #    0,19% of all branches             ( +-  0,44% )  (75,31%)

         0,0701195 +- 0,0000406 seconds time elapsed  ( +-  0,06% )


 Performance counter stats for './mandelbrot_omp -0.188 -0.012 0.554 0.754 1024' (10 runs):

          2.069,51 msec task-clock                       #    7,474 CPUs utilized               ( +-  0,23% )
                38      context-switches                 #   18,362 /sec                        ( +-  7,36% )
                 0      cpu-migrations                   #    0,000 /sec                      
                87      page-faults                      #   42,039 /sec                        ( +-  0,51% )
     5.795.667.742      cycles                           #    2,801 GHz                         ( +-  0,05% )  (74,94%)
     5.050.378.835      instructions                     #    0,87  insn per cycle              ( +-  0,04% )  (74,99%)
       585.408.273      branches                         #  282,873 M/sec                       ( +-  0,03% )  (75,00%)
         1.062.937      branch-misses                    #    0,18% of all branches             ( +-  0,11% )  (75,11%)

          0,276895 +- 0,000547 seconds time elapsed  ( +-  0,20% )


 Performance counter stats for './mandelbrot_omp -0.188 -0.012 0.554 0.754 2048' (10 runs):

          7.951,79 msec task-clock                       #    7,297 CPUs utilized               ( +-  0,08% )
                78      context-switches                 #    9,809 /sec                        ( +-  5,17% )
                 3      cpu-migrations                   #    0,377 /sec                        ( +- 13,33% )
                86      page-faults                      #   10,815 /sec                        ( +-  0,40% )
    22.296.770.386      cycles                           #    2,804 GHz                         ( +-  0,05% )  (74,99%)
    20.147.011.754      instructions                     #    0,90  insn per cycle              ( +-  0,01% )  (75,00%)
     2.329.557.115      branches                         #  292,960 M/sec                       ( +-  0,02% )  (75,00%)
         4.181.414      branch-misses                    #    0,18% of all branches             ( +-  0,07% )  (75,02%)

           1,08971 +- 0,00149 seconds time elapsed  ( +-  0,14% )


 Performance counter stats for './mandelbrot_omp -0.188 -0.012 0.554 0.754 4096' (10 runs):

         31.438,75 msec task-clock                       #    7,245 CPUs utilized               ( +-  0,19% )
               249      context-switches                 #    7,920 /sec                        ( +-  4,98% )
                 5      cpu-migrations                   #    0,159 /sec                        ( +-  7,92% )
                86      page-faults                      #    2,735 /sec                        ( +-  0,53% )
    87.971.869.507      cycles                           #    2,798 GHz                         ( +-  0,19% )  (75,00%)
    80.525.840.886      instructions                     #    0,92  insn per cycle              ( +-  0,01% )  (75,00%)
     9.304.607.264      branches                         #  295,960 M/sec                       ( +-  0,00% )  (75,01%)
        16.599.163      branch-misses                    #    0,18% of all branches             ( +-  0,07% )  (75,00%)

           4,33908 +- 0,00407 seconds time elapsed  ( +-  0,09% )


 Performance counter stats for './mandelbrot_omp -0.188 -0.012 0.554 0.754 8192' (10 runs):

        125.802,94 msec task-clock                       #    7,239 CPUs utilized               ( +-  0,39% )
               871      context-switches                 #    6,924 /sec                        ( +-  2,81% )
                 6      cpu-migrations                   #    0,048 /sec                        ( +- 12,18% )
                86      page-faults                      #    0,684 /sec                        ( +-  0,31% )
   351.979.986.810      cycles                           #    2,798 GHz                         ( +-  0,44% )  (75,00%)
   322.018.440.935      instructions                     #    0,91  insn per cycle              ( +-  0,00% )  (75,00%)
    37.201.512.860      branches                         #  295,713 M/sec                       ( +-  0,00% )  (75,00%)
        66.131.923      branch-misses                    #    0,18% of all branches             ( +-  0,08% )  (75,00%)

            17,377 +- 0,102 seconds time elapsed  ( +-  0,59% )

