
 Performance counter stats for './mandelbrot_omp -2.5 1.5 -2.0 2.0 16' (10 runs):

              0,75 msec task-clock                       #    0,979 CPUs utilized               ( +-  2,67% )
                 0      context-switches                 #    0,000 /sec                      
                 0      cpu-migrations                   #    0,000 /sec                      
                78      page-faults                      #  104,387 K/sec                       ( +-  0,26% )
         2.246.790      cycles                           #    3,007 GHz                         ( +-  7,73% )
         1.920.966      instructions                     #    0,85  insn per cycle              ( +-  0,48% )
           341.105      branches                         #  456,497 M/sec                       ( +-  0,45% )
     <not counted>      branch-misses                                                           ( +- 32,92% )  (0,00%)

         0,0007633 +- 0,0000167 seconds time elapsed  ( +-  2,19% )

Some events weren't counted. Try disabling the NMI watchdog:
	echo 0 > /proc/sys/kernel/nmi_watchdog
	perf stat ...
	echo 1 > /proc/sys/kernel/nmi_watchdog

 Performance counter stats for './mandelbrot_omp -2.5 1.5 -2.0 2.0 32' (10 runs):

              0,95 msec task-clock                       #    1,181 CPUs utilized               ( +-  1,15% )
                 0      context-switches                 #    0,000 /sec                      
                 0      cpu-migrations                   #    0,000 /sec                      
                77      page-faults                      #   80,914 K/sec                       ( +-  0,42% )
         2.754.589      cycles                           #    2,895 GHz                         ( +-  9,54% )
         2.409.591      instructions                     #    0,87  insn per cycle              ( +-  0,40% )
           399.499      branches                         #  419,808 M/sec                       ( +-  0,39% )
     <not counted>      branch-misses                                                           ( +- 29,39% )  (0,00%)

        0,00080583 +- 0,00000906 seconds time elapsed  ( +-  1,12% )

Some events weren't counted. Try disabling the NMI watchdog:
	echo 0 > /proc/sys/kernel/nmi_watchdog
	perf stat ...
	echo 1 > /proc/sys/kernel/nmi_watchdog

 Performance counter stats for './mandelbrot_omp -2.5 1.5 -2.0 2.0 64' (10 runs):

              1,95 msec task-clock                       #    1,816 CPUs utilized               ( +-  1,22% )
                 0      context-switches                 #    0,000 /sec                      
                 0      cpu-migrations                   #    0,000 /sec                      
                77      page-faults                      #   39,510 K/sec                       ( +-  0,44% )
         4.688.186      cycles                           #    2,406 GHz                         ( +- 11,34% )
         4.373.189      instructions                     #    0,93  insn per cycle              ( +-  0,16% )
           640.479      branches                         #  328,644 M/sec                       ( +-  0,19% )
     <not counted>      branch-misses                                                           ( +- 23,54% )  (0,00%)

         0,0010729 +- 0,0000112 seconds time elapsed  ( +-  1,04% )

Some events weren't counted. Try disabling the NMI watchdog:
	echo 0 > /proc/sys/kernel/nmi_watchdog
	perf stat ...
	echo 1 > /proc/sys/kernel/nmi_watchdog

 Performance counter stats for './mandelbrot_omp -2.5 1.5 -2.0 2.0 128' (10 runs):

              5,52 msec task-clock                       #    2,754 CPUs utilized               ( +-  0,94% )
                 0      context-switches                 #    0,000 /sec                      
                 0      cpu-migrations                   #    0,000 /sec                      
                77      page-faults                      #   13,960 K/sec                       ( +-  0,50% )
        14.240.785      cycles                           #    2,582 GHz                         ( +-  8,99% )  (73,93%)
        11.355.277      instructions                     #    0,80  insn per cycle              ( +-  2,90% )
         1.586.618      branches                         #  287,652 M/sec                       ( +-  0,12% )
             7.425      branch-misses                    #    0,47% of all branches             ( +-  5,97% )  (57,10%)

         0,0020027 +- 0,0000221 seconds time elapsed  ( +-  1,10% )


 Performance counter stats for './mandelbrot_omp -2.5 1.5 -2.0 2.0 256' (10 runs):

             20,53 msec task-clock                       #    3,575 CPUs utilized               ( +-  0,22% )
                 0      context-switches                 #    0,000 /sec                      
                 0      cpu-migrations                   #    0,000 /sec                      
                77      page-faults                      #    3,750 K/sec                       ( +-  0,49% )
        63.269.686      cycles                           #    3,082 GHz                         ( +-  1,90% )  (73,83%)
        43.894.758      instructions                     #    0,69  insn per cycle              ( +-  0,68% )  (80,79%)
         5.511.321      branches                         #  268,444 M/sec                       ( +-  0,12% )  (80,78%)
            18.274      branch-misses                    #    0,33% of all branches             ( +-  6,22% )  (72,70%)

         0,0057431 +- 0,0000148 seconds time elapsed  ( +-  0,26% )


 Performance counter stats for './mandelbrot_omp -2.5 1.5 -2.0 2.0 512' (10 runs):

             68,84 msec task-clock                       #    3,440 CPUs utilized               ( +-  0,20% )
                 3      context-switches                 #   43,581 /sec                        ( +- 10,18% )
                 0      cpu-migrations                   #    0,000 /sec                      
                78      page-faults                      #    1,133 K/sec                       ( +-  0,19% )
       227.180.387      cycles                           #    3,300 GHz                         ( +-  0,21% )  (73,94%)
       170.509.837      instructions                     #    0,75  insn per cycle              ( +-  0,22% )  (73,84%)
        20.203.876      branches                         #  293,502 M/sec                       ( +-  0,56% )  (74,26%)
            52.908      branch-misses                    #    0,26% of all branches             ( +-  1,88% )  (78,68%)

         0,0200083 +- 0,0000343 seconds time elapsed  ( +-  0,17% )


 Performance counter stats for './mandelbrot_omp -2.5 1.5 -2.0 2.0 1024' (10 runs):

            175,77 msec task-clock                       #    2,468 CPUs utilized               ( +-  0,07% )
                 4      context-switches                 #   22,757 /sec                        ( +- 11,67% )
                 0      cpu-migrations                   #    0,000 /sec                      
                77      page-faults                      #  438,074 /sec                        ( +-  0,44% )
       623.484.661      cycles                           #    3,547 GHz                         ( +-  0,10% )  (74,40%)
       636.102.051      instructions                     #    1,02  insn per cycle              ( +-  0,16% )  (74,93%)
        75.399.551      branches                         #  428,968 M/sec                       ( +-  0,33% )  (75,97%)
           177.535      branch-misses                    #    0,24% of all branches             ( +-  0,69% )  (75,35%)

         0,0712219 +- 0,0000471 seconds time elapsed  ( +-  0,07% )


 Performance counter stats for './mandelbrot_omp -2.5 1.5 -2.0 2.0 2048' (10 runs):

            600,38 msec task-clock                       #    2,185 CPUs utilized               ( +-  0,14% )
                 4      context-switches                 #    6,662 /sec                        ( +- 14,17% )
                 0      cpu-migrations                   #    0,000 /sec                      
                77      page-faults                      #  128,252 /sec                        ( +-  0,44% )
     2.199.752.157      cycles                           #    3,664 GHz                         ( +-  0,05% )  (74,68%)
     2.539.965.706      instructions                     #    1,15  insn per cycle              ( +-  0,06% )  (75,12%)
       295.758.094      branches                         #  492,616 M/sec                       ( +-  0,05% )  (75,31%)
           616.422      branch-misses                    #    0,21% of all branches             ( +-  0,17% )  (75,06%)

          0,274809 +- 0,000405 seconds time elapsed  ( +-  0,15% )


 Performance counter stats for './mandelbrot_omp -2.5 1.5 -2.0 2.0 4096' (10 runs):

          2.294,34 msec task-clock                       #    2,110 CPUs utilized               ( +-  0,07% )
                10      context-switches                 #    4,359 /sec                        ( +- 11,40% )
                 0      cpu-migrations                   #    0,000 /sec                      
                77      page-faults                      #   33,561 /sec                        ( +-  0,55% )
     8.489.135.539      cycles                           #    3,700 GHz                         ( +-  0,03% )  (74,93%)
    10.137.165.318      instructions                     #    1,19  insn per cycle              ( +-  0,02% )  (75,02%)
     1.179.700.784      branches                         #  514,178 M/sec                       ( +-  0,02% )  (75,04%)
         2.241.879      branch-misses                    #    0,19% of all branches             ( +-  0,10% )  (75,03%)

          1,087170 +- 0,000747 seconds time elapsed  ( +-  0,07% )


 Performance counter stats for './mandelbrot_omp -2.5 1.5 -2.0 2.0 8192' (10 runs):

          9.041,29 msec task-clock                       #    2,091 CPUs utilized               ( +-  0,05% )
                27      context-switches                 #    2,986 /sec                        ( +-  4,07% )
                 1      cpu-migrations                   #    0,111 /sec                        ( +- 21,34% )
                77      page-faults                      #    8,516 /sec                        ( +-  0,40% )
    33.592.879.043      cycles                           #    3,715 GHz                         ( +-  0,01% )  (74,99%)
    40.564.972.530      instructions                     #    1,21  insn per cycle              ( +-  0,01% )  (74,99%)
     4.709.021.846      branches                         #  520,835 M/sec                       ( +-  0,01% )  (75,03%)
         8.374.361      branch-misses                    #    0,18% of all branches             ( +-  0,05% )  (75,01%)

           4,32331 +- 0,00213 seconds time elapsed  ( +-  0,05% )

