
 Performance counter stats for './mandelbrot_omp -2.5 1.5 -2.0 2.0 16' (10 runs):

              1,66 msec task-clock                       #    1,392 CPUs utilized               ( +-  1,86% )
                43      context-switches                 #   25,904 K/sec                       ( +-  1,90% )
                16      cpu-migrations                   #    9,639 K/sec                       ( +-  4,66% )
               102      page-faults                      #   61,448 K/sec                       ( +-  0,28% )
         4.813.932      cycles                           #    2,900 GHz                         ( +-  2,66% )  (16,00%)
         3.854.110      instructions                     #    0,80  insn per cycle              ( +-  0,54% )
           689.441      branches                         #  415,339 M/sec                       ( +-  0,49% )
             9.073      branch-misses                    #    1,32% of all branches             ( +- 18,42% )  (87,71%)

         0,0011923 +- 0,0000178 seconds time elapsed  ( +-  1,49% )


 Performance counter stats for './mandelbrot_omp -2.5 1.5 -2.0 2.0 32' (10 runs):

              1,81 msec task-clock                       #    1,429 CPUs utilized               ( +-  2,19% )
                39      context-switches                 #   21,573 K/sec                       ( +-  3,63% )
                17      cpu-migrations                   #    9,403 K/sec                       ( +-  6,09% )
               102      page-faults                      #   56,421 K/sec                       ( +-  0,33% )
         5.244.636      cycles                           #    2,901 GHz                         ( +-  2,84% )  (98,99%)
         4.286.629      instructions                     #    0,82  insn per cycle              ( +-  0,59% )
           734.784      branches                         #  406,442 M/sec                       ( +-  0,65% )
            12.173      branch-misses                    #    1,66% of all branches             ( +-  9,73% )  (2,35%)

         0,0012653 +- 0,0000176 seconds time elapsed  ( +-  1,39% )


 Performance counter stats for './mandelbrot_omp -2.5 1.5 -2.0 2.0 64' (10 runs):

              2,42 msec task-clock                       #    1,711 CPUs utilized               ( +-  2,29% )
                41      context-switches                 #   16,945 K/sec                       ( +-  3,76% )
                17      cpu-migrations                   #    7,026 K/sec                       ( +-  7,41% )
               102      page-faults                      #   42,157 K/sec                       ( +-  0,36% )
         6.608.276      cycles                           #    2,731 GHz                         ( +-  3,77% )  (13,09%)
         6.167.956      instructions                     #    0,93  insn per cycle              ( +-  0,78% )
           963.971      branches                         #  398,412 M/sec                       ( +-  0,73% )
            13.005      branch-misses                    #    1,35% of all branches             ( +-  6,70% )  (90,39%)

         0,0014140 +- 0,0000191 seconds time elapsed  ( +-  1,35% )


 Performance counter stats for './mandelbrot_omp -2.5 1.5 -2.0 2.0 128' (10 runs):

              4,57 msec task-clock                       #    2,277 CPUs utilized               ( +-  0,90% )
                38      context-switches                 #    8,321 K/sec                       ( +-  4,10% )
                16      cpu-migrations                   #    3,504 K/sec                       ( +-  5,39% )
               102      page-faults                      #   22,336 K/sec                       ( +-  0,33% )
        13.771.067      cycles                           #    3,016 GHz                         ( +-  2,78% )  (17,86%)
        13.502.915      instructions                     #    0,98  insn per cycle              ( +-  0,72% )  (93,97%)
         1.819.955      branches                         #  398,530 M/sec                       ( +-  0,29% )
            14.634      branch-misses                    #    0,80% of all branches             ( +- 13,95% )  (95,28%)

         0,0020053 +- 0,0000273 seconds time elapsed  ( +-  1,36% )


 Performance counter stats for './mandelbrot_omp -2.5 1.5 -2.0 2.0 256' (10 runs):

             14,50 msec task-clock                       #    3,300 CPUs utilized               ( +-  0,86% )
                38      context-switches                 #    2,621 K/sec                       ( +-  4,86% )
                18      cpu-migrations                   #    1,242 K/sec                       ( +-  4,57% )
               102      page-faults                      #    7,036 K/sec                       ( +-  0,29% )
        43.598.415      cycles                           #    3,007 GHz                         ( +-  2,11% )  (60,20%)
        44.787.854      instructions                     #    1,03  insn per cycle              ( +-  0,73% )  (70,90%)
         5.326.030      branches                         #  367,382 M/sec                       ( +-  1,16% )  (93,28%)
            19.544      branch-misses                    #    0,37% of all branches             ( +-  5,73% )  (78,41%)

         0,0043933 +- 0,0000549 seconds time elapsed  ( +-  1,25% )


 Performance counter stats for './mandelbrot_omp -2.5 1.5 -2.0 2.0 512' (10 runs):

             54,53 msec task-clock                       #    4,234 CPUs utilized               ( +-  0,75% )
                46      context-switches                 #  843,637 /sec                        ( +-  3,23% )
                16      cpu-migrations                   #  293,439 /sec                        ( +-  5,17% )
               102      page-faults                      #    1,871 K/sec                       ( +-  0,32% )
       161.091.924      cycles                           #    2,954 GHz                         ( +-  1,04% )  (70,56%)
       164.887.972      instructions                     #    1,02  insn per cycle              ( +-  0,55% )  (77,87%)
        19.410.058      branches                         #  355,979 M/sec                       ( +-  0,39% )  (78,21%)
            60.881      branch-misses                    #    0,31% of all branches             ( +-  4,86% )  (73,81%)

          0,012878 +- 0,000189 seconds time elapsed  ( +-  1,47% )


 Performance counter stats for './mandelbrot_omp -2.5 1.5 -2.0 2.0 1024' (10 runs):

            210,34 msec task-clock                       #    4,367 CPUs utilized               ( +-  0,54% )
                47      context-switches                 #  223,444 /sec                        ( +-  4,64% )
                15      cpu-migrations                   #   71,312 /sec                        ( +-  4,66% )
               103      page-faults                      #  489,676 /sec                        ( +-  0,23% )
       644.972.909      cycles                           #    3,066 GHz                         ( +-  1,09% )  (74,40%)
       640.265.580      instructions                     #    0,99  insn per cycle              ( +-  0,24% )  (74,56%)
        75.090.381      branches                         #  356,990 M/sec                       ( +-  0,10% )  (75,33%)
           187.362      branch-misses                    #    0,25% of all branches             ( +-  1,24% )  (75,82%)

          0,048162 +- 0,000584 seconds time elapsed  ( +-  1,21% )


 Performance counter stats for './mandelbrot_omp -2.5 1.5 -2.0 2.0 2048' (10 runs):

            823,17 msec task-clock                       #    4,558 CPUs utilized               ( +-  0,53% )
                64      context-switches                 #   77,748 /sec                        ( +-  3,54% )
                20      cpu-migrations                   #   24,296 /sec                        ( +-  5,06% )
               103      page-faults                      #  125,126 /sec                        ( +-  0,38% )
     2.505.665.380      cycles                           #    3,044 GHz                         ( +-  0,48% )  (74,94%)
     2.539.507.787      instructions                     #    1,01  insn per cycle              ( +-  0,09% )  (74,68%)
       296.094.201      branches                         #  359,701 M/sec                       ( +-  0,07% )  (74,99%)
           638.050      branch-misses                    #    0,22% of all branches             ( +-  0,44% )  (75,42%)

           0,18061 +- 0,00135 seconds time elapsed  ( +-  0,75% )


 Performance counter stats for './mandelbrot_omp -2.5 1.5 -2.0 2.0 4096' (10 runs):

          3.270,19 msec task-clock                       #    4,624 CPUs utilized               ( +-  0,28% )
               134      context-switches                 #   40,976 /sec                        ( +-  2,66% )
                19      cpu-migrations                   #    5,810 /sec                        ( +-  6,61% )
               102      page-faults                      #   31,191 /sec                        ( +-  0,30% )
     9.814.869.396      cycles                           #    3,001 GHz                         ( +-  0,12% )  (74,97%)
    10.146.653.192      instructions                     #    1,03  insn per cycle              ( +-  0,03% )  (74,92%)
     1.179.317.616      branches                         #  360,627 M/sec                       ( +-  0,02% )  (75,01%)
         2.295.395      branch-misses                    #    0,19% of all branches             ( +-  0,15% )  (75,11%)

           0,70728 +- 0,00409 seconds time elapsed  ( +-  0,58% )


 Performance counter stats for './mandelbrot_omp -2.5 1.5 -2.0 2.0 8192' (10 runs):

         12.998,11 msec task-clock                       #    4,664 CPUs utilized               ( +-  0,20% )
               377      context-switches                 #   29,004 /sec                        ( +-  2,65% )
                25      cpu-migrations                   #    1,923 /sec                        ( +-  4,01% )
               102      page-faults                      #    7,847 /sec                        ( +-  0,44% )
    38.980.300.237      cycles                           #    2,999 GHz                         ( +-  0,16% )  (74,97%)
    40.568.813.203      instructions                     #    1,04  insn per cycle              ( +-  0,01% )  (75,00%)
     4.710.940.002      branches                         #  362,433 M/sec                       ( +-  0,01% )  (75,03%)
         8.540.620      branch-misses                    #    0,18% of all branches             ( +-  0,04% )  (75,01%)

            2,7867 +- 0,0106 seconds time elapsed  ( +-  0,38% )

