
 Performance counter stats for './mandelbrot_omp -0.8 -0.7 0.05 0.15 16' (10 runs):

              2,02 msec task-clock                       #    1,568 CPUs utilized               ( +-  1,58% )
                44      context-switches                 #   21,737 K/sec                       ( +-  1,30% )
                16      cpu-migrations                   #    7,904 K/sec                       ( +-  4,58% )
               104      page-faults                      #   51,378 K/sec                       ( +-  0,32% )
         5.764.099      cycles                           #    2,848 GHz                         ( +-  3,02% )  (95,99%)
         4.792.923      instructions                     #    0,83  insn per cycle              ( +-  0,42% )
           799.645      branches                         #  395,043 M/sec                       ( +-  0,43% )
            11.139      branch-misses                    #    1,39% of all branches             ( +- 21,47% )  (15,16%)

         0,0012912 +- 0,0000161 seconds time elapsed  ( +-  1,25% )


 Performance counter stats for './mandelbrot_omp -0.8 -0.7 0.05 0.15 32' (10 runs):

              3,07 msec task-clock                       #    2,001 CPUs utilized               ( +-  1,40% )
                45      context-switches                 #   14,654 K/sec                       ( +-  1,01% )
                15      cpu-migrations                   #    4,885 K/sec                       ( +-  6,35% )
               103      page-faults                      #   33,542 K/sec                       ( +-  0,30% )
         8.804.149      cycles                           #    2,867 GHz                         ( +-  2,47% )  (78,65%)
         8.001.888      instructions                     #    0,91  insn per cycle              ( +-  0,66% )
         1.177.432      branches                         #  383,433 M/sec                       ( +-  0,25% )
            12.903      branch-misses                    #    1,10% of all branches             ( +-  8,37% )  (25,05%)

         0,0015349 +- 0,0000322 seconds time elapsed  ( +-  2,10% )


 Performance counter stats for './mandelbrot_omp -0.8 -0.7 0.05 0.15 64' (10 runs):

              7,31 msec task-clock                       #    3,287 CPUs utilized               ( +-  1,29% )
                46      context-switches                 #    6,289 K/sec                       ( +-  0,88% )
                18      cpu-migrations                   #    2,461 K/sec                       ( +-  5,44% )
               103      page-faults                      #   14,083 K/sec                       ( +-  0,28% )
        23.245.067      cycles                           #    3,178 GHz                         ( +-  2,00% )  (87,51%)
        20.623.999      instructions                     #    0,89  insn per cycle              ( +-  1,08% )  (99,74%)
         2.678.029      branches                         #  366,155 M/sec                       ( +-  0,12% )
            15.849      branch-misses                    #    0,59% of all branches             ( +-  7,95% )  (15,59%)

         0,0022253 +- 0,0000643 seconds time elapsed  ( +-  2,89% )


 Performance counter stats for './mandelbrot_omp -0.8 -0.7 0.05 0.15 128' (10 runs):

             28,27 msec task-clock                       #    5,211 CPUs utilized               ( +-  0,67% )
                42      context-switches                 #    1,486 K/sec                       ( +-  2,55% )
                15      cpu-migrations                   #  530,579 /sec                        ( +-  6,21% )
               103      page-faults                      #    3,643 K/sec                       ( +-  0,27% )
        76.651.150      cycles                           #    2,711 GHz                         ( +-  1,55% )  (68,70%)
        76.272.193      instructions                     #    1,00  insn per cycle              ( +-  0,55% )  (72,45%)
         8.852.800      branches                         #  313,141 M/sec                       ( +-  0,61% )  (76,43%)
            23.309      branch-misses                    #    0,26% of all branches             ( +-  5,83% )  (84,31%)

          0,005425 +- 0,000141 seconds time elapsed  ( +-  2,60% )


 Performance counter stats for './mandelbrot_omp -0.8 -0.7 0.05 0.15 256' (10 runs):

            109,72 msec task-clock                       #    6,279 CPUs utilized               ( +-  0,45% )
                58      context-switches                 #  528,633 /sec                        ( +-  2,37% )
                20      cpu-migrations                   #  182,287 /sec                        ( +-  4,70% )
               103      page-faults                      #  938,779 /sec                        ( +-  0,32% )
       307.463.361      cycles                           #    2,802 GHz                         ( +-  0,48% )  (75,76%)
       283.695.019      instructions                     #    0,92  insn per cycle              ( +-  0,26% )  (73,77%)
        32.959.637      branches                         #  300,406 M/sec                       ( +-  0,20% )  (74,32%)
            74.310      branch-misses                    #    0,23% of all branches             ( +-  2,91% )  (76,41%)

          0,017473 +- 0,000196 seconds time elapsed  ( +-  1,12% )


 Performance counter stats for './mandelbrot_omp -0.8 -0.7 0.05 0.15 512' (10 runs):

            438,39 msec task-clock                       #    7,122 CPUs utilized               ( +-  0,22% )
                85      context-switches                 #  193,891 /sec                        ( +-  3,49% )
                18      cpu-migrations                   #   41,059 /sec                        ( +-  2,87% )
               103      page-faults                      #  234,950 /sec                        ( +-  0,33% )
     1.221.772.109      cycles                           #    2,787 GHz                         ( +-  0,20% )  (74,49%)
     1.112.813.980      instructions                     #    0,91  insn per cycle              ( +-  0,07% )  (74,94%)
       128.781.473      branches                         #  293,759 M/sec                       ( +-  0,08% )  (76,04%)
           256.501      branch-misses                    #    0,20% of all branches             ( +-  0,25% )  (74,57%)

          0,061557 +- 0,000408 seconds time elapsed  ( +-  0,66% )


 Performance counter stats for './mandelbrot_omp -0.8 -0.7 0.05 0.15 1024' (10 runs):

          1.765,90 msec task-clock                       #    7,339 CPUs utilized               ( +-  0,28% )
               260      context-switches                 #  147,233 /sec                        ( +-  4,88% )
                21      cpu-migrations                   #   11,892 /sec                        ( +-  4,81% )
               103      page-faults                      #   58,327 /sec                        ( +-  0,33% )
     4.909.552.806      cycles                           #    2,780 GHz                         ( +-  0,13% )  (74,89%)
     4.424.480.100      instructions                     #    0,90  insn per cycle              ( +-  0,03% )  (74,78%)
       512.000.911      branches                         #  289,937 M/sec                       ( +-  0,02% )  (75,06%)
           986.164      branch-misses                    #    0,19% of all branches             ( +-  0,22% )  (75,28%)

           0,24063 +- 0,00117 seconds time elapsed  ( +-  0,48% )


 Performance counter stats for './mandelbrot_omp -0.8 -0.7 0.05 0.15 2048' (10 runs):

          7.057,25 msec task-clock                       #    7,491 CPUs utilized               ( +-  0,10% )
             1.354      context-switches                 #  191,859 /sec                        ( +-  2,01% )
                27      cpu-migrations                   #    3,826 /sec                        ( +-  3,16% )
               103      page-faults                      #   14,595 /sec                        ( +-  0,38% )
    19.627.430.913      cycles                           #    2,781 GHz                         ( +-  0,08% )  (74,97%)
    17.680.997.188      instructions                     #    0,90  insn per cycle              ( +-  0,01% )  (75,01%)
     2.043.353.894      branches                         #  289,540 M/sec                       ( +-  0,01% )  (75,04%)
         3.840.532      branch-misses                    #    0,19% of all branches             ( +-  0,09% )  (74,98%)

           0,94211 +- 0,00525 seconds time elapsed  ( +-  0,56% )


 Performance counter stats for './mandelbrot_omp -0.8 -0.7 0.05 0.15 4096' (10 runs):

         28.404,45 msec task-clock                       #    7,666 CPUs utilized               ( +-  0,06% )
             6.291      context-switches                 #  221,479 /sec                        ( +-  0,49% )
                34      cpu-migrations                   #    1,197 /sec                        ( +-  5,49% )
               103      page-faults                      #    3,626 /sec                        ( +-  0,36% )
    78.744.124.879      cycles                           #    2,772 GHz                         ( +-  0,05% )  (75,00%)
    70.702.145.815      instructions                     #    0,90  insn per cycle              ( +-  0,00% )  (74,98%)
     8.170.799.485      branches                         #  287,659 M/sec                       ( +-  0,00% )  (75,02%)
        15.189.323      branch-misses                    #    0,19% of all branches             ( +-  0,04% )  (75,00%)

           3,70547 +- 0,00655 seconds time elapsed  ( +-  0,18% )


 Performance counter stats for './mandelbrot_omp -0.8 -0.7 0.05 0.15 8192' (10 runs):

        113.732,13 msec task-clock                       #    7,733 CPUs utilized               ( +-  0,05% )
            25.463      context-switches                 #  223,886 /sec                        ( +-  0,32% )
                76      cpu-migrations                   #    0,668 /sec                        ( +-  4,46% )
               103      page-faults                      #    0,906 /sec                        ( +-  0,46% )
   315.091.687.161      cycles                           #    2,770 GHz                         ( +-  0,04% )  (75,00%)
   282.784.159.888      instructions                     #    0,90  insn per cycle              ( +-  0,00% )  (75,00%)
    32.677.509.677      branches                         #  287,320 M/sec                       ( +-  0,00% )  (75,00%)
        60.422.008      branch-misses                    #    0,18% of all branches             ( +-  0,03% )  (75,00%)

           14,7077 +- 0,0230 seconds time elapsed  ( +-  0,16% )

