
 Performance counter stats for './mandelbrot_pth 0.175 0.375 -0.1 0.1 16' (10 runs):

              1,29 msec task-clock                       #    1,257 CPUs utilized               ( +-  3,06% )
                10      context-switches                 #    7,782 K/sec                       ( +-  4,77% )
                 0      cpu-migrations                   #    0,000 /sec                      
                93      page-faults                      #   72,371 K/sec                       ( +-  0,68% )
         3.837.724      cycles                           #    2,986 GHz                         ( +-  3,47% )  (63,09%)
         3.859.976      instructions                     #    1,01  insn per cycle              ( +-  1,32% )
           584.780      branches                         #  455,066 M/sec                       ( +-  1,12% )
             9.041      branch-misses                    #    1,55% of all branches             ( +- 24,60% )  (50,07%)

         0,0010222 +- 0,0000156 seconds time elapsed  ( +-  1,53% )


 Performance counter stats for './mandelbrot_pth 0.175 0.375 -0.1 0.1 32' (10 runs):

              2,30 msec task-clock                       #    2,083 CPUs utilized               ( +-  1,48% )
                 8      context-switches                 #    3,475 K/sec                       ( +-  7,26% )
                 2      cpu-migrations                   #  868,713 /sec                        ( +- 10,54% )
                96      page-faults                      #   41,698 K/sec                       ( +-  1,09% )
         5.501.392      cycles                           #    2,390 GHz                         ( +-  9,90% )
         7.074.657      instructions                     #    1,29  insn per cycle              ( +-  0,16% )
           826.094      branches                         #  358,819 M/sec                       ( +-  0,21% )
            12.302      branch-misses                    #    1,49% of all branches             ( +- 16,78% )  (20,83%)

         0,0011051 +- 0,0000180 seconds time elapsed  ( +-  1,63% )


 Performance counter stats for './mandelbrot_pth 0.175 0.375 -0.1 0.1 64' (10 runs):

              6,45 msec task-clock                       #    3,678 CPUs utilized               ( +-  2,23% )
                 6      context-switches                 #  929,890 /sec                        ( +-  4,61% )
                 1      cpu-migrations                   #  154,982 /sec                        ( +- 30,00% )
                93      page-faults                      #   14,413 K/sec                       ( +-  0,74% )
        13.766.771      cycles                           #    2,134 GHz                         ( +-  7,92% )
        19.503.111      instructions                     #    1,42  insn per cycle              ( +-  1,38% )
         1.768.267      branches                         #  274,049 M/sec                       ( +-  0,18% )
            15.455      branch-misses                    #    0,87% of all branches             ( +- 14,31% )  (2,37%)

         0,0017542 +- 0,0000592 seconds time elapsed  ( +-  3,38% )


 Performance counter stats for './mandelbrot_pth 0.175 0.375 -0.1 0.1 128' (10 runs):

             25,85 msec task-clock                       #    5,811 CPUs utilized               ( +-  0,50% )
                 6      context-switches                 #  232,101 /sec                        ( +- 11,39% )
                 1      cpu-migrations                   #   38,684 /sec                        ( +- 13,33% )
                93      page-faults                      #    3,598 K/sec                       ( +-  0,57% )
        67.417.245      cycles                           #    2,608 GHz                         ( +-  1,35% )  (69,07%)
        75.235.234      instructions                     #    1,12  insn per cycle              ( +-  0,79% )  (69,02%)
         5.546.685      branches                         #  214,565 M/sec                       ( +-  1,12% )  (82,56%)
            23.662      branch-misses                    #    0,43% of all branches             ( +-  4,73% )  (88,90%)

         0,0044488 +- 0,0000199 seconds time elapsed  ( +-  0,45% )


 Performance counter stats for './mandelbrot_pth 0.175 0.375 -0.1 0.1 256' (10 runs):

            100,66 msec task-clock                       #    6,645 CPUs utilized               ( +-  0,12% )
                10      context-switches                 #   99,349 /sec                        ( +-  4,99% )
                 0      cpu-migrations                   #    0,000 /sec                      
                94      page-faults                      #  933,880 /sec                        ( +-  0,55% )
       277.661.618      cycles                           #    2,759 GHz                         ( +-  0,72% )  (73,04%)
       274.147.412      instructions                     #    0,99  insn per cycle              ( +-  0,33% )  (73,02%)
        21.085.051      branches                         #  209,478 M/sec                       ( +-  0,25% )  (77,74%)
            75.067      branch-misses                    #    0,36% of all branches             ( +-  2,57% )  (77,94%)

         0,0151473 +- 0,0000760 seconds time elapsed  ( +-  0,50% )


 Performance counter stats for './mandelbrot_pth 0.175 0.375 -0.1 0.1 512' (10 runs):

            396,50 msec task-clock                       #    6,908 CPUs utilized               ( +-  0,07% )
                14      context-switches                 #   35,309 /sec                        ( +-  5,64% )
                 0      cpu-migrations                   #    0,000 /sec                      
                94      page-faults                      #  237,074 /sec                        ( +-  0,55% )
     1.136.672.226      cycles                           #    2,867 GHz                         ( +-  0,19% )  (74,70%)
     1.093.464.518      instructions                     #    0,96  insn per cycle              ( +-  0,08% )  (74,79%)
        81.129.295      branches                         #  204,613 M/sec                       ( +-  0,09% )  (75,74%)
           239.707      branch-misses                    #    0,30% of all branches             ( +-  0,21% )  (75,26%)

          0,057394 +- 0,000133 seconds time elapsed  ( +-  0,23% )


 Performance counter stats for './mandelbrot_pth 0.175 0.375 -0.1 0.1 1024' (10 runs):

          1.573,39 msec task-clock                       #    6,976 CPUs utilized               ( +-  0,06% )
                26      context-switches                 #   16,525 /sec                        ( +-  8,95% )
                 0      cpu-migrations                   #    0,000 /sec                      
                93      page-faults                      #   59,108 /sec                        ( +-  0,64% )
     4.526.365.170      cycles                           #    2,877 GHz                         ( +-  0,11% )  (74,92%)
     4.341.227.456      instructions                     #    0,96  insn per cycle              ( +-  0,05% )  (74,99%)
       323.794.361      branches                         #  205,794 M/sec                       ( +-  0,02% )  (75,15%)
           910.683      branch-misses                    #    0,28% of all branches             ( +-  0,23% )  (75,08%)

          0,225544 +- 0,000849 seconds time elapsed  ( +-  0,38% )


 Performance counter stats for './mandelbrot_pth 0.175 0.375 -0.1 0.1 2048' (10 runs):

          6.304,78 msec task-clock                       #    7,117 CPUs utilized               ( +-  0,09% )
                66      context-switches                 #   10,468 /sec                        ( +- 11,88% )
                 0      cpu-migrations                   #    0,000 /sec                      
                93      page-faults                      #   14,751 /sec                        ( +-  0,58% )
    18.064.812.986      cycles                           #    2,865 GHz                         ( +-  0,06% )  (74,97%)
    17.335.645.856      instructions                     #    0,96  insn per cycle              ( +-  0,02% )  (74,98%)
     1.293.084.817      branches                         #  205,096 M/sec                       ( +-  0,01% )  (75,03%)
         3.538.096      branch-misses                    #    0,27% of all branches             ( +-  0,14% )  (75,06%)

           0,88593 +- 0,00200 seconds time elapsed  ( +-  0,23% )


 Performance counter stats for './mandelbrot_pth 0.175 0.375 -0.1 0.1 4096' (10 runs):

         25.121,47 msec task-clock                       #    7,078 CPUs utilized               ( +-  0,06% )
               209      context-switches                 #    8,320 /sec                        ( +-  3,88% )
                 1      cpu-migrations                   #    0,040 /sec                        ( +- 24,94% )
                93      page-faults                      #    3,702 /sec                        ( +-  0,57% )
    72.170.053.236      cycles                           #    2,873 GHz                         ( +-  0,04% )  (74,99%)
    69.306.912.647      instructions                     #    0,96  insn per cycle              ( +-  0,01% )  (75,00%)
     5.169.236.100      branches                         #  205,770 M/sec                       ( +-  0,01% )  (75,01%)
        13.931.180      branch-misses                    #    0,27% of all branches             ( +-  0,08% )  (75,01%)

            3,5492 +- 0,0121 seconds time elapsed  ( +-  0,34% )


 Performance counter stats for './mandelbrot_pth 0.175 0.375 -0.1 0.1 8192' (10 runs):

        100.526,75 msec task-clock                       #    7,096 CPUs utilized               ( +-  0,04% )
               719      context-switches                 #    7,152 /sec                        ( +-  1,90% )
                 2      cpu-migrations                   #    0,020 /sec                        ( +- 24,78% )
                93      page-faults                      #    0,925 /sec                        ( +-  0,39% )
   288.749.434.369      cycles                           #    2,872 GHz                         ( +-  0,01% )  (75,00%)
   277.189.100.514      instructions                     #    0,96  insn per cycle              ( +-  0,00% )  (75,00%)
    20.672.883.571      branches                         #  205,646 M/sec                       ( +-  0,00% )  (75,00%)
        55.077.441      branch-misses                    #    0,27% of all branches             ( +-  0,04% )  (75,00%)

           14,1667 +- 0,0444 seconds time elapsed  ( +-  0,31% )

