
 Performance counter stats for './mandelbrot_omp -2.5 1.5 -2.0 2.0 16' (10 runs):

              0,37 msec task-clock                       #    0,575 CPUs utilized               ( +-  1,36% )
                 0      context-switches                 #    0,000 /sec                      
                 0      cpu-migrations                   #    0,000 /sec                      
                70      page-faults                      #  190,380 K/sec                       ( +-  0,57% )
         1.360.026      cycles                           #    3,699 GHz                         ( +-  1,69% )
         1.517.629      instructions                     #    1,12  insn per cycle              ( +-  0,19% )
           267.111      branches                         #  726,465 M/sec                       ( +-  0,15% )
     <not counted>      branch-misses                                                           (0,00%)

        0,00063998 +- 0,00000584 seconds time elapsed  ( +-  0,91% )

Some events weren't counted. Try disabling the NMI watchdog:
	echo 0 > /proc/sys/kernel/nmi_watchdog
	perf stat ...
	echo 1 > /proc/sys/kernel/nmi_watchdog

 Performance counter stats for './mandelbrot_omp -2.5 1.5 -2.0 2.0 32' (10 runs):

              0,48 msec task-clock                       #    0,627 CPUs utilized               ( +-  1,53% )
                 0      context-switches                 #    0,000 /sec                      
                 0      cpu-migrations                   #    0,000 /sec                      
                70      page-faults                      #  144,996 K/sec                       ( +-  0,37% )
         1.744.246      cycles                           #    3,613 GHz                         ( +-  1,69% )
         1.999.686      instructions                     #    1,15  insn per cycle              ( +-  0,10% )
           323.195      branches                         #  669,457 M/sec                       ( +-  0,08% )
     <not counted>      branch-misses                                                           ( +- 41,98% )  (0,00%)

        0,00077038 +- 0,00000686 seconds time elapsed  ( +-  0,89% )

Some events weren't counted. Try disabling the NMI watchdog:
	echo 0 > /proc/sys/kernel/nmi_watchdog
	perf stat ...
	echo 1 > /proc/sys/kernel/nmi_watchdog

 Performance counter stats for './mandelbrot_omp -2.5 1.5 -2.0 2.0 64' (10 runs):

              0,90 msec task-clock                       #    0,799 CPUs utilized               ( +-  0,76% )
                 0      context-switches                 #    0,000 /sec                      
                 0      cpu-migrations                   #    0,000 /sec                      
                69      page-faults                      #   76,569 K/sec                       ( +-  0,40% )
         3.451.828      cycles                           #    3,830 GHz                         ( +-  0,86% )
         3.888.386      instructions                     #    1,13  insn per cycle              ( +-  0,08% )
           542.512      branches                         #  602,025 M/sec                       ( +-  0,10% )
     <not counted>      branch-misses                                                           ( +- 25,70% )  (0,00%)

        0,00112725 +- 0,00000816 seconds time elapsed  ( +-  0,72% )

Some events weren't counted. Try disabling the NMI watchdog:
	echo 0 > /proc/sys/kernel/nmi_watchdog
	perf stat ...
	echo 1 > /proc/sys/kernel/nmi_watchdog

 Performance counter stats for './mandelbrot_omp -2.5 1.5 -2.0 2.0 128' (10 runs):

              2,47 msec task-clock                       #    0,908 CPUs utilized               ( +-  0,46% )
                 0      context-switches                 #    0,000 /sec                      
                 0      cpu-migrations                   #    0,000 /sec                      
                71      page-faults                      #   28,741 K/sec                       ( +-  0,42% )
         9.780.892      cycles                           #    3,959 GHz                         ( +-  0,59% )  (59,64%)
        11.170.353      instructions                     #    1,14  insn per cycle              ( +-  0,71% )  (74,56%)
         1.389.539      branches                         #  562,492 M/sec                       ( +-  0,56% )
             6.268      branch-misses                    #    0,45% of all branches             ( +-  6,13% )  (65,80%)

         0,0027205 +- 0,0000145 seconds time elapsed  ( +-  0,53% )


 Performance counter stats for './mandelbrot_omp -2.5 1.5 -2.0 2.0 256' (10 runs):

              8,23 msec task-clock                       #    0,967 CPUs utilized               ( +-  0,20% )
                 0      context-switches                 #    0,000 /sec                      
                 0      cpu-migrations                   #    0,000 /sec                      
                70      page-faults                      #    8,502 K/sec                       ( +-  0,52% )
        34.803.281      cycles                           #    4,227 GHz                         ( +-  0,20% )  (75,57%)
        41.533.635      instructions                     #    1,19  insn per cycle              ( +-  0,12% )  (75,56%)
         4.919.806      branches                         #  597,518 M/sec                       ( +-  0,12% )  (75,55%)
            14.609      branch-misses                    #    0,30% of all branches             ( +-  8,87% )  (73,32%)

         0,0085134 +- 0,0000191 seconds time elapsed  ( +-  0,22% )


 Performance counter stats for './mandelbrot_omp -2.5 1.5 -2.0 2.0 512' (10 runs):

             31,08 msec task-clock                       #    0,992 CPUs utilized               ( +-  0,28% )
                 0      context-switches                 #    0,000 /sec                      
                 0      cpu-migrations                   #    0,000 /sec                      
                70      page-faults                      #    2,252 K/sec                       ( +-  0,53% )
       133.737.368      cycles                           #    4,303 GHz                         ( +-  0,08% )  (74,09%)
       161.079.840      instructions                     #    1,20  insn per cycle              ( +-  0,18% )  (74,09%)
        18.478.909      branches                         #  594,527 M/sec                       ( +-  0,22% )  (75,23%)
            51.576      branch-misses                    #    0,28% of all branches             ( +-  1,71% )  (76,59%)

         0,0313452 +- 0,0000894 seconds time elapsed  ( +-  0,29% )


 Performance counter stats for './mandelbrot_omp -2.5 1.5 -2.0 2.0 1024' (10 runs):

            120,38 msec task-clock                       #    0,998 CPUs utilized               ( +-  0,17% )
                 0      context-switches                 #    0,000 /sec                      
                 0      cpu-migrations                   #    0,000 /sec                      
                70      page-faults                      #  581,479 /sec                        ( +-  0,49% )
       528.330.340      cycles                           #    4,389 GHz                         ( +-  0,08% )  (74,98%)
       635.010.982      instructions                     #    1,20  insn per cycle              ( +-  0,08% )  (74,97%)
        73.871.273      branches                         #  613,637 M/sec                       ( +-  0,12% )  (74,96%)
           172.607      branch-misses                    #    0,23% of all branches             ( +-  0,32% )  (75,09%)

          0,120662 +- 0,000207 seconds time elapsed  ( +-  0,17% )


 Performance counter stats for './mandelbrot_omp -2.5 1.5 -2.0 2.0 2048' (10 runs):

            477,22 msec task-clock                       #    0,999 CPUs utilized               ( +-  0,21% )
                 1      context-switches                 #    2,095 /sec                        ( +- 37,27% )
                 0      cpu-migrations                   #    0,000 /sec                      
                70      page-faults                      #  146,683 /sec                        ( +-  0,53% )
     2.101.656.286      cycles                           #    4,404 GHz                         ( +-  0,05% )  (74,96%)
     2.535.046.447      instructions                     #    1,21  insn per cycle              ( +-  0,03% )  (74,96%)
       294.824.066      branches                         #  617,796 M/sec                       ( +-  0,04% )  (74,97%)
           608.668      branch-misses                    #    0,21% of all branches             ( +-  0,19% )  (75,11%)

           0,47752 +- 0,00102 seconds time elapsed  ( +-  0,21% )


 Performance counter stats for './mandelbrot_omp -2.5 1.5 -2.0 2.0 4096' (10 runs):

          1.901,38 msec task-clock                       #    1,000 CPUs utilized               ( +-  0,15% )
                 5      context-switches                 #    2,630 /sec                        ( +-  9,80% )
                 0      cpu-migrations                   #    0,000 /sec                      
                70      page-faults                      #   36,815 /sec                        ( +-  0,53% )
     8.387.491.738      cycles                           #    4,411 GHz                         ( +-  0,07% )  (74,99%)
    10.135.861.950      instructions                     #    1,21  insn per cycle              ( +-  0,01% )  (74,99%)
     1.177.389.017      branches                         #  619,230 M/sec                       ( +-  0,01% )  (75,02%)
         2.231.152      branch-misses                    #    0,19% of all branches             ( +-  0,07% )  (75,00%)

           1,90171 +- 0,00287 seconds time elapsed  ( +-  0,15% )


 Performance counter stats for './mandelbrot_omp -2.5 1.5 -2.0 2.0 8192' (10 runs):

          7.556,37 msec task-clock                       #    1,000 CPUs utilized               ( +-  0,12% )
                22      context-switches                 #    2,911 /sec                        ( +-  2,23% )
                 0      cpu-migrations                   #    0,000 /sec                      
                70      page-faults                      #    9,264 /sec                        ( +-  0,57% )
    33.464.836.390      cycles                           #    4,429 GHz                         ( +-  0,01% )  (74,99%)
    40.539.573.234      instructions                     #    1,21  insn per cycle              ( +-  0,01% )  (75,00%)
     4.706.779.803      branches                         #  622,889 M/sec                       ( +-  0,01% )  (75,01%)
         8.327.044      branch-misses                    #    0,18% of all branches             ( +-  0,02% )  (75,00%)

           7,55673 +- 0,00913 seconds time elapsed  ( +-  0,12% )

