
 Performance counter stats for './mandelbrot_omp -0.8 -0.7 0.05 0.15 16' (10 runs):

              0,60 msec task-clock                       #    0,681 CPUs utilized               ( +-  1,34% )
                 0      context-switches                 #    0,000 /sec                      
                 0      cpu-migrations                   #    0,000 /sec                      
                72      page-faults                      #  120,619 K/sec                       ( +-  0,36% )
         2.199.181      cycles                           #    3,684 GHz                         ( +-  1,03% )
         2.443.185      instructions                     #    1,11  insn per cycle              ( +-  0,10% )
           375.140      branches                         #  628,457 M/sec                       ( +-  0,11% )
     <not counted>      branch-misses                                                           ( +- 35,31% )  (0,00%)

         0,0008764 +- 0,0000110 seconds time elapsed  ( +-  1,26% )

Some events weren't counted. Try disabling the NMI watchdog:
	echo 0 > /proc/sys/kernel/nmi_watchdog
	perf stat ...
	echo 1 > /proc/sys/kernel/nmi_watchdog

 Performance counter stats for './mandelbrot_omp -0.8 -0.7 0.05 0.15 32' (10 runs):

              1,33 msec task-clock                       #    0,844 CPUs utilized               ( +-  0,38% )
                 0      context-switches                 #    0,000 /sec                      
                 0      cpu-migrations                   #    0,000 /sec                      
                71      page-faults                      #   53,330 K/sec                       ( +-  0,35% )
         5.134.581      cycles                           #    3,857 GHz                         ( +-  1,10% )  (25,57%)
         5.658.325      instructions                     #    1,10  insn per cycle              ( +-  0,21% )  (79,01%)
           750.001      branches                         #  563,344 M/sec                       ( +-  0,08% )
             4.877      branch-misses                    #    0,65% of all branches             ( +- 13,83% )  (95,42%)

        0,00157674 +- 0,00000998 seconds time elapsed  ( +-  0,63% )


 Performance counter stats for './mandelbrot_omp -0.8 -0.7 0.05 0.15 64' (10 runs):

              4,09 msec task-clock                       #    0,941 CPUs utilized               ( +-  0,39% )
                 0      context-switches                 #    0,000 /sec                      
                 0      cpu-migrations                   #    0,000 /sec                      
                71      page-faults                      #   17,372 K/sec                       ( +-  0,44% )
        16.909.022      cycles                           #    4,137 GHz                         ( +-  0,28% )  (75,16%)
        18.647.906      instructions                     #    1,10  insn per cycle              ( +-  0,13% )  (75,11%)
         2.250.343      branches                         #  550,597 M/sec                       ( +-  0,12% )  (75,11%)
             5.221      branch-misses                    #    0,23% of all branches             ( +-  6,09% )  (74,61%)

         0,0043436 +- 0,0000182 seconds time elapsed  ( +-  0,42% )


 Performance counter stats for './mandelbrot_omp -0.8 -0.7 0.05 0.15 128' (10 runs):

             14,71 msec task-clock                       #    0,982 CPUs utilized               ( +-  0,35% )
                 0      context-switches                 #    0,000 /sec                      
                 0      cpu-migrations                   #    0,000 /sec                      
                72      page-faults                      #    4,894 K/sec                       ( +-  0,35% )
        62.853.964      cycles                           #    4,272 GHz                         ( +-  0,07% )  (72,77%)
        70.215.541      instructions                     #    1,12  insn per cycle              ( +-  0,11% )  (72,76%)
         8.206.341      branches                         #  557,766 M/sec                       ( +-  0,13% )  (79,32%)
            20.574      branch-misses                    #    0,25% of all branches             ( +-  4,03% )  (75,15%)

         0,0149791 +- 0,0000552 seconds time elapsed  ( +-  0,37% )


 Performance counter stats for './mandelbrot_omp -0.8 -0.7 0.05 0.15 256' (10 runs):

             56,27 msec task-clock                       #    0,995 CPUs utilized               ( +-  0,12% )
                 0      context-switches                 #    0,000 /sec                      
                 0      cpu-migrations                   #    0,000 /sec                      
                71      page-faults                      #    1,262 K/sec                       ( +-  0,44% )
       246.015.713      cycles                           #    4,372 GHz                         ( +-  0,04% )  (75,17%)
       277.381.833      instructions                     #    1,13  insn per cycle              ( +-  0,02% )  (75,17%)
        32.128.828      branches                         #  571,001 M/sec                       ( +-  0,04% )  (75,19%)
            64.669      branch-misses                    #    0,20% of all branches             ( +-  1,54% )  (74,47%)

         0,0565443 +- 0,0000712 seconds time elapsed  ( +-  0,13% )


 Performance counter stats for './mandelbrot_omp -0.8 -0.7 0.05 0.15 512' (10 runs):

            221,51 msec task-clock                       #    0,999 CPUs utilized               ( +-  0,09% )
                 1      context-switches                 #    4,514 /sec                        ( +- 33,33% )
                 0      cpu-migrations                   #    0,000 /sec                      
                71      page-faults                      #  320,526 /sec                        ( +-  0,60% )
       977.922.357      cycles                           #    4,415 GHz                         ( +-  0,02% )  (74,72%)
     1.105.149.071      instructions                     #    1,13  insn per cycle              ( +-  0,01% )  (75,13%)
       127.746.045      branches                         #  576,703 M/sec                       ( +-  0,02% )  (75,13%)
           243.384      branch-misses                    #    0,19% of all branches             ( +-  0,30% )  (75,02%)

          0,221758 +- 0,000205 seconds time elapsed  ( +-  0,09% )


 Performance counter stats for './mandelbrot_omp -0.8 -0.7 0.05 0.15 1024' (10 runs):

            882,19 msec task-clock                       #    1,000 CPUs utilized               ( +-  0,14% )
                 3      context-switches                 #    3,401 /sec                        ( +- 27,13% )
                 0      cpu-migrations                   #    0,000 /sec                      
                71      page-faults                      #   80,482 /sec                        ( +-  0,41% )
     3.904.659.601      cycles                           #    4,426 GHz                         ( +-  0,02% )  (75,02%)
     4.414.533.066      instructions                     #    1,13  insn per cycle              ( +-  0,01% )  (75,02%)
       510.101.368      branches                         #  578,225 M/sec                       ( +-  0,01% )  (75,02%)
           941.200      branch-misses                    #    0,18% of all branches             ( +-  0,05% )  (74,94%)

           0,88252 +- 0,00120 seconds time elapsed  ( +-  0,14% )


 Performance counter stats for './mandelbrot_omp -0.8 -0.7 0.05 0.15 2048' (10 runs):

          3.514,51 msec task-clock                       #    1,000 CPUs utilized               ( +-  0,14% )
                13      context-switches                 #    3,699 /sec                        ( +- 13,81% )
                 0      cpu-migrations                   #    0,000 /sec                      
                71      page-faults                      #   20,202 /sec                        ( +-  0,38% )
    15.599.402.276      cycles                           #    4,439 GHz                         ( +-  0,01% )  (75,00%)
    17.655.793.450      instructions                     #    1,13  insn per cycle              ( +-  0,00% )  (75,00%)
     2.039.315.930      branches                         #  580,256 M/sec                       ( +-  0,01% )  (75,00%)
         3.705.707      branch-misses                    #    0,18% of all branches             ( +-  0,03% )  (75,01%)

           3,51487 +- 0,00477 seconds time elapsed  ( +-  0,14% )


 Performance counter stats for './mandelbrot_omp -0.8 -0.7 0.05 0.15 4096' (10 runs):

         14.361,15 msec task-clock                       #    1,000 CPUs utilized               ( +-  0,45% )
               184      context-switches                 #   12,812 /sec                        ( +- 44,82% )
                 5      cpu-migrations                   #    0,348 /sec                        ( +- 20,97% )
                70      page-faults                      #    4,874 /sec                        ( +-  0,58% )
    62.468.184.713      cycles                           #    4,350 GHz                         ( +-  0,07% )  (75,00%)
    70.620.171.355      instructions                     #    1,13  insn per cycle              ( +-  0,01% )  (75,00%)
     8.156.655.499      branches                         #  567,967 M/sec                       ( +-  0,01% )  (75,00%)
        14.722.807      branch-misses                    #    0,18% of all branches             ( +-  0,11% )  (75,00%)

           14,3630 +- 0,0647 seconds time elapsed  ( +-  0,45% )


 Performance counter stats for './mandelbrot_omp -0.8 -0.7 0.05 0.15 8192' (10 runs):

         56.210,16 msec task-clock                       #    1,000 CPUs utilized               ( +-  0,05% )
               293      context-switches                 #    5,213 /sec                        ( +-  4,34% )
                 2      cpu-migrations                   #    0,036 /sec                        ( +- 28,67% )
                71      page-faults                      #    1,263 /sec                        ( +-  0,52% )
   249.469.200.021      cycles                           #    4,438 GHz                         ( +-  0,02% )  (75,00%)
   282.452.370.747      instructions                     #    1,13  insn per cycle              ( +-  0,00% )  (75,00%)
    32.621.431.285      branches                         #  580,348 M/sec                       ( +-  0,00% )  (75,00%)
        58.352.211      branch-misses                    #    0,18% of all branches             ( +-  0,03% )  (75,00%)

           56,2182 +- 0,0271 seconds time elapsed  ( +-  0,05% )

