
 Performance counter stats for './mandelbrot_seq -2.5 1.5 -2.0 2.0 16' (10 runs):

              0,31 msec task-clock                       #    0,514 CPUs utilized               ( +-  1,90% )
                 0      context-switches                 #    0,000 /sec                      
                 0      cpu-migrations                   #    0,000 /sec                      
                58      page-faults                      #  186,844 K/sec                       ( +-  0,43% )
         1.070.397      cycles                           #    3,448 GHz                         ( +-  5,48% )  (4,73%)
         1.248.570      instructions                     #    1,17  insn per cycle              ( +-  0,18% )
           209.045      branches                         #  673,426 M/sec                       ( +-  0,16% )
             3.220      branch-misses                    #    1,54% of all branches             ( +- 27,37% )  (95,27%)

         0,0006037 +- 0,0000231 seconds time elapsed  ( +-  3,82% )


 Performance counter stats for './mandelbrot_seq -2.5 1.5 -2.0 2.0 32' (10 runs):

              0,43 msec task-clock                       #    0,619 CPUs utilized               ( +-  1,36% )
                 0      context-switches                 #    0,000 /sec                      
                 0      cpu-migrations                   #    0,000 /sec                      
                59      page-faults                      #  137,230 K/sec                       ( +-  0,36% )
         1.526.925      cycles                           #    3,552 GHz                         ( +-  1,35% )
         1.746.502      instructions                     #    1,14  insn per cycle              ( +-  0,08% )
           247.198      branches                         #  574,966 M/sec                       ( +-  0,08% )
     <not counted>      branch-misses                                                           (0,00%)

         0,0006945 +- 0,0000108 seconds time elapsed  ( +-  1,55% )

Some events weren't counted. Try disabling the NMI watchdog:
	echo 0 > /proc/sys/kernel/nmi_watchdog
	perf stat ...
	echo 1 > /proc/sys/kernel/nmi_watchdog

 Performance counter stats for './mandelbrot_seq -2.5 1.5 -2.0 2.0 64' (10 runs):

              0,88 msec task-clock                       #    0,729 CPUs utilized               ( +-  3,50% )
                 0      context-switches                 #    0,000 /sec                      
                 0      cpu-migrations                   #    0,000 /sec                      
                58      page-faults                      #   65,944 K/sec                       ( +-  0,63% )
         3.284.880      cycles                           #    3,735 GHz                         ( +-  2,43% )
         3.707.835      instructions                     #    1,13  insn per cycle              ( +-  0,13% )
           398.831      branches                         #  453,460 M/sec                       ( +-  0,19% )
     <not counted>      branch-misses                                                           ( +- 20,59% )  (0,00%)

         0,0012072 +- 0,0000576 seconds time elapsed  ( +-  4,77% )

Some events weren't counted. Try disabling the NMI watchdog:
	echo 0 > /proc/sys/kernel/nmi_watchdog
	perf stat ...
	echo 1 > /proc/sys/kernel/nmi_watchdog

 Performance counter stats for './mandelbrot_seq -2.5 1.5 -2.0 2.0 128' (10 runs):

              2,66 msec task-clock                       #    0,888 CPUs utilized               ( +-  3,90% )
                 0      context-switches                 #    0,000 /sec                      
                 0      cpu-migrations                   #    0,000 /sec                      
                58      page-faults                      #   21,783 K/sec                       ( +-  0,64% )
         9.691.766      cycles                           #    3,640 GHz                         ( +-  0,95% )  (61,60%)
        11.302.284      instructions                     #    1,17  insn per cycle              ( +-  0,98% )  (61,70%)
           959.151      branches                         #  360,222 M/sec                       ( +-  0,86% )  (84,28%)
             6.323      branch-misses                    #    0,66% of all branches             ( +-  8,21% )  (92,42%)

          0,002999 +- 0,000133 seconds time elapsed  ( +-  4,43% )


 Performance counter stats for './mandelbrot_seq -2.5 1.5 -2.0 2.0 256' (10 runs):

              8,23 msec task-clock                       #    0,965 CPUs utilized               ( +-  1,44% )
                 0      context-switches                 #    0,000 /sec                      
                 0      cpu-migrations                   #    0,000 /sec                      
                58      page-faults                      #    7,044 K/sec                       ( +-  0,43% )
        34.364.669      cycles                           #    4,173 GHz                         ( +-  0,34% )  (74,93%)
        42.686.613      instructions                     #    1,24  insn per cycle              ( +-  0,15% )  (74,92%)
         3.415.877      branches                         #  414,845 M/sec                       ( +-  0,61% )  (74,92%)
            12.853      branch-misses                    #    0,38% of all branches             ( +-  4,52% )  (75,23%)

          0,008533 +- 0,000129 seconds time elapsed  ( +-  1,51% )


 Performance counter stats for './mandelbrot_seq -2.5 1.5 -2.0 2.0 512' (10 runs):

             32,48 msec task-clock                       #    0,989 CPUs utilized               ( +-  2,78% )
                 0      context-switches                 #    0,000 /sec                      
                 0      cpu-migrations                   #    0,000 /sec                      
                58      page-faults                      #    1,786 K/sec                       ( +-  0,63% )
       133.588.523      cycles                           #    4,113 GHz                         ( +-  0,46% )  (73,29%)
       165.838.284      instructions                     #    1,24  insn per cycle              ( +-  0,32% )  (76,19%)
        12.940.941      branches                         #  398,403 M/sec                       ( +-  0,57% )  (76,62%)
            45.295      branch-misses                    #    0,35% of all branches             ( +-  0,85% )  (73,90%)

          0,032827 +- 0,000913 seconds time elapsed  ( +-  2,78% )


 Performance counter stats for './mandelbrot_seq -2.5 1.5 -2.0 2.0 1024' (10 runs):

            117,53 msec task-clock                       #    0,997 CPUs utilized               ( +-  0,59% )
                 0      context-switches                 #    0,000 /sec                      
                 0      cpu-migrations                   #    0,000 /sec                      
                58      page-faults                      #  493,484 /sec                        ( +-  0,38% )
       523.132.714      cycles                           #    4,451 GHz                         ( +-  0,06% )  (75,14%)
       657.307.289      instructions                     #    1,26  insn per cycle              ( +-  0,11% )  (75,14%)
        50.884.568      branches                         #  432,943 M/sec                       ( +-  0,23% )  (75,14%)
           152.395      branch-misses                    #    0,30% of all branches             ( +-  0,26% )  (74,57%)

          0,117828 +- 0,000700 seconds time elapsed  ( +-  0,59% )


 Performance counter stats for './mandelbrot_seq -2.5 1.5 -2.0 2.0 2048' (10 runs):

            471,50 msec task-clock                       #    0,999 CPUs utilized               ( +-  0,45% )
                 1      context-switches                 #    2,121 /sec                        ( +- 29,06% )
                 0      cpu-migrations                   #    0,000 /sec                      
                59      page-faults                      #  125,132 /sec                        ( +-  0,40% )
     2.083.402.304      cycles                           #    4,419 GHz                         ( +-  0,02% )  (74,94%)
     2.623.886.932      instructions                     #    1,26  insn per cycle              ( +-  0,04% )  (74,94%)
       202.140.280      branches                         #  428,715 M/sec                       ( +-  0,04% )  (75,08%)
           552.976      branch-misses                    #    0,27% of all branches             ( +-  0,17% )  (75,04%)

           0,47187 +- 0,00211 seconds time elapsed  ( +-  0,45% )


 Performance counter stats for './mandelbrot_seq -2.5 1.5 -2.0 2.0 4096' (10 runs):

          1.872,89 msec task-clock                       #    1,000 CPUs utilized               ( +-  0,19% )
                 6      context-switches                 #    3,204 /sec                        ( +- 12,29% )
                 0      cpu-migrations                   #    0,000 /sec                      
                58      page-faults                      #   30,968 /sec                        ( +-  0,48% )
     8.315.620.285      cycles                           #    4,440 GHz                         ( +-  0,02% )  (75,00%)
    10.488.684.826      instructions                     #    1,26  insn per cycle              ( +-  0,01% )  (75,00%)
       807.230.754      branches                         #  431,009 M/sec                       ( +-  0,01% )  (75,00%)
         2.079.689      branch-misses                    #    0,26% of all branches             ( +-  0,05% )  (75,00%)

           1,87323 +- 0,00363 seconds time elapsed  ( +-  0,19% )


 Performance counter stats for './mandelbrot_seq -2.5 1.5 -2.0 2.0 8192' (10 runs):

          7.551,27 msec task-clock                       #    1,000 CPUs utilized               ( +-  0,65% )
                58      context-switches                 #    7,681 /sec                        ( +- 32,78% )
                 3      cpu-migrations                   #    0,397 /sec                        ( +- 23,73% )
                58      page-faults                      #    7,681 /sec                        ( +-  0,53% )
    33.240.476.914      cycles                           #    4,402 GHz                         ( +-  0,06% )  (75,00%)
    41.956.479.299      instructions                     #    1,26  insn per cycle              ( +-  0,01% )  (75,00%)
     3.227.725.409      branches                         #  427,442 M/sec                       ( +-  0,01% )  (75,00%)
         7.970.262      branch-misses                    #    0,25% of all branches             ( +-  0,11% )  (75,00%)

            7,5518 +- 0,0493 seconds time elapsed  ( +-  0,65% )

