
 Performance counter stats for './mandelbrot_pth -0.8 -0.7 0.05 0.15 16' (10 runs):

              2,24 msec task-clock                       #    1,193 CPUs utilized               ( +-  1,38% )
                 6      context-switches                 #    2,680 K/sec                       ( +-  7,95% )
                 0      cpu-migrations                   #    0,000 /sec                      
               144      page-faults                      #   64,310 K/sec                       ( +-  0,30% )
         6.098.932      cycles                           #    2,724 GHz                         ( +-  3,93% )  (40,40%)
         6.923.110      instructions                     #    1,14  insn per cycle              ( +-  2,57% )  (97,50%)
         1.202.057      branches                         #  536,833 M/sec                       ( +-  0,27% )
            11.096      branch-misses                    #    0,92% of all branches             ( +- 15,97% )  (80,72%)

         0,0018769 +- 0,0000400 seconds time elapsed  ( +-  2,13% )


 Performance counter stats for './mandelbrot_pth -0.8 -0.7 0.05 0.15 32' (10 runs):

              3,30 msec task-clock                       #    1,834 CPUs utilized               ( +-  1,56% )
                16      context-switches                 #    4,845 K/sec                       ( +-  6,49% )
                 0      cpu-migrations                   #    0,000 /sec                      
               144      page-faults                      #   43,606 K/sec                       ( +-  0,35% )
         8.874.641      cycles                           #    2,687 GHz                         ( +-  5,44% )  (98,49%)
        10.358.334      instructions                     #    1,17  insn per cycle              ( +-  1,52% )
         1.463.692      branches                         #  443,230 M/sec                       ( +-  0,27% )
            19.183      branch-misses                    #    1,31% of all branches             ( +- 14,46% )  (7,32%)

         0,0018009 +- 0,0000260 seconds time elapsed  ( +-  1,45% )


 Performance counter stats for './mandelbrot_pth -0.8 -0.7 0.05 0.15 64' (10 runs):

              8,13 msec task-clock                       #    3,609 CPUs utilized               ( +-  0,73% )
                21      context-switches                 #    2,582 K/sec                       ( +-  5,31% )
                 7      cpu-migrations                   #  860,604 /sec                        ( +- 11,56% )
               146      page-faults                      #   17,950 K/sec                       ( +-  0,68% )
        17.101.559      cycles                           #    2,103 GHz                         ( +-  6,14% )  (59,04%)
        22.403.747      instructions                     #    1,31  insn per cycle              ( +-  3,64% )
         2.510.121      branches                         #  308,603 M/sec                       ( +-  0,20% )
            24.475      branch-misses                    #    0,98% of all branches             ( +-  4,83% )  (67,22%)

         0,0022537 +- 0,0000188 seconds time elapsed  ( +-  0,83% )


 Performance counter stats for './mandelbrot_pth -0.8 -0.7 0.05 0.15 128' (10 runs):

             30,24 msec task-clock                       #    5,958 CPUs utilized               ( +-  0,76% )
                29      context-switches                 #  959,025 /sec                        ( +- 17,30% )
                14      cpu-migrations                   #  462,978 /sec                        ( +- 17,95% )
               145      page-faults                      #    4,795 K/sec                       ( +-  0,60% )
        72.039.979      cycles                           #    2,382 GHz                         ( +-  4,65% )  (67,73%)
        74.529.350      instructions                     #    1,03  insn per cycle              ( +-  3,66% )  (73,98%)
         6.588.237      branches                         #  217,872 M/sec                       ( +-  1,28% )  (91,31%)
            35.675      branch-misses                    #    0,54% of all branches             ( +-  4,81% )  (75,62%)

         0,0050757 +- 0,0000464 seconds time elapsed  ( +-  0,91% )


 Performance counter stats for './mandelbrot_pth -0.8 -0.7 0.05 0.15 256' (10 runs):

            112,89 msec task-clock                       #    7,004 CPUs utilized               ( +-  0,17% )
                32      context-switches                 #  283,451 /sec                        ( +-  5,98% )
                12      cpu-migrations                   #  106,294 /sec                        ( +- 19,05% )
               143      page-faults                      #    1,267 K/sec                       ( +-  0,35% )
       305.523.080      cycles                           #    2,706 GHz                         ( +-  0,53% )  (74,69%)
       292.741.978      instructions                     #    0,96  insn per cycle              ( +-  0,39% )  (73,87%)
        21.937.113      branches                         #  194,315 M/sec                       ( +-  1,00% )  (80,08%)
            80.942      branch-misses                    #    0,37% of all branches             ( +-  1,67% )  (84,23%)

         0,0161195 +- 0,0000929 seconds time elapsed  ( +-  0,58% )


 Performance counter stats for './mandelbrot_pth -0.8 -0.7 0.05 0.15 512' (10 runs):

            443,47 msec task-clock                       #    7,668 CPUs utilized               ( +-  0,10% )
               129      context-switches                 #  290,886 /sec                        ( +-  1,42% )
                11      cpu-migrations                   #   24,804 /sec                        ( +-  9,27% )
               143      page-faults                      #  322,456 /sec                        ( +-  0,33% )
     1.226.157.286      cycles                           #    2,765 GHz                         ( +-  0,18% )  (75,09%)
     1.146.149.080      instructions                     #    0,93  insn per cycle              ( +-  0,10% )  (73,87%)
        86.096.677      branches                         #  194,142 M/sec                       ( +-  0,14% )  (76,56%)
           276.546      branch-misses                    #    0,32% of all branches             ( +-  0,69% )  (77,52%)

          0,057832 +- 0,000135 seconds time elapsed  ( +-  0,23% )


 Performance counter stats for './mandelbrot_pth -0.8 -0.7 0.05 0.15 1024' (10 runs):

          1.752,12 msec task-clock                       #    7,770 CPUs utilized               ( +-  0,11% )
               487      context-switches                 #  277,948 /sec                        ( +-  1,23% )
                14      cpu-migrations                   #    7,990 /sec                        ( +- 12,52% )
               143      page-faults                      #   81,615 /sec                        ( +-  0,31% )
     4.920.628.523      cycles                           #    2,808 GHz                         ( +-  0,08% )  (74,71%)
     4.589.131.682      instructions                     #    0,93  insn per cycle              ( +-  0,02% )  (75,23%)
       342.957.589      branches                         #  195,738 M/sec                       ( +-  0,03% )  (75,58%)
           997.728      branch-misses                    #    0,29% of all branches             ( +-  0,33% )  (75,19%)

          0,225490 +- 0,000636 seconds time elapsed  ( +-  0,28% )


 Performance counter stats for './mandelbrot_pth -0.8 -0.7 0.05 0.15 2048' (10 runs):

          6.994,14 msec task-clock                       #    7,895 CPUs utilized               ( +-  0,08% )
             1.961      context-switches                 #  280,378 /sec                        ( +-  0,35% )
                20      cpu-migrations                   #    2,860 /sec                        ( +- 12,83% )
               144      page-faults                      #   20,589 /sec                        ( +-  0,35% )
    19.734.918.171      cycles                           #    2,822 GHz                         ( +-  0,04% )  (74,93%)
    18.348.408.356      instructions                     #    0,93  insn per cycle              ( +-  0,01% )  (74,98%)
     1.369.594.405      branches                         #  195,820 M/sec                       ( +-  0,01% )  (75,09%)
         3.835.386      branch-misses                    #    0,28% of all branches             ( +-  0,07% )  (75,14%)

           0,88595 +- 0,00146 seconds time elapsed  ( +-  0,16% )


 Performance counter stats for './mandelbrot_pth -0.8 -0.7 0.05 0.15 4096' (10 runs):

         27.936,80 msec task-clock                       #    7,921 CPUs utilized               ( +-  0,05% )
             7.716      context-switches                 #  276,195 /sec                        ( +-  0,18% )
                45      cpu-migrations                   #    1,611 /sec                        ( +-  5,42% )
               143      page-faults                      #    5,119 /sec                        ( +-  0,25% )
    78.907.719.614      cycles                           #    2,825 GHz                         ( +-  0,03% )  (74,98%)
    73.379.802.870      instructions                     #    0,93  insn per cycle              ( +-  0,00% )  (74,99%)
     5.475.410.396      branches                         #  195,993 M/sec                       ( +-  0,00% )  (75,04%)
        14.996.296      branch-misses                    #    0,27% of all branches             ( +-  0,03% )  (75,05%)

           3,52695 +- 0,00399 seconds time elapsed  ( +-  0,11% )


 Performance counter stats for './mandelbrot_pth -0.8 -0.7 0.05 0.15 8192' (10 runs):

        111.699,84 msec task-clock                       #    7,944 CPUs utilized               ( +-  0,01% )
            30.938      context-switches                 #  276,974 /sec                        ( +-  0,08% )
               158      cpu-migrations                   #    1,415 /sec                        ( +-  5,21% )
               143      page-faults                      #    1,280 /sec                        ( +-  0,31% )
   315.624.665.054      cycles                           #    2,826 GHz                         ( +-  0,01% )  (75,00%)
   293.493.188.092      instructions                     #    0,93  insn per cycle              ( +-  0,00% )  (75,00%)
    21.898.176.858      branches                         #  196,045 M/sec                       ( +-  0,00% )  (75,01%)
        59.088.453      branch-misses                    #    0,27% of all branches             ( +-  0,02% )  (75,00%)

          14,06053 +- 0,00732 seconds time elapsed  ( +-  0,05% )

